"../../../../../Unreal Projects/CowboyTwinStick/Content/Sequencer/PlayAnimationEventStruct.uasset" 0
"../../../Engine/Content/EditorBlueprintResources/StandardMacros.uasset" 1
"../../../../../Unreal Projects/CowboyTwinStick/Content/BP/Enum_DeathCause.uasset" 2
"../../../../../Unreal Projects/CowboyTwinStick/Content/BP/IDamagable.uasset" 3
"../../../../../Unreal Projects/CowboyTwinStick/Content/BP/BP_BaseHealthComponent.uasset" 4
"../../../../../Unreal Projects/CowboyTwinStick/Content/BP/IAICommunication.uasset" 5
"../../../../../Unreal Projects/CowboyTwinStick/Content/Sprites/Cube_16x16.uasset" 6
"../../../../../Unreal Projects/CowboyTwinStick/Content/Sprites/Cube_16x16_Sprite.uasset" 7
"../../../../../Unreal Projects/CowboyTwinStick/Content/Sprites/Cube_16x.uasset" 8
"../../../../../Unreal Projects/CowboyTwinStick/Content/BP/BP_BaseEnemy.uasset" 9
"../../../../../Unreal Projects/CowboyTwinStick/Content/BP/Enum_AIAttackSpot.uasset" 10
"../../../../../Unreal Projects/CowboyTwinStick/Content/BP/Enum_AIFacingDirection.uasset" 11
"../../../../../Unreal Projects/CowboyTwinStick/Content/BP/Enum_AiStates.uasset" 12
"../../../../../Unreal Projects/CowboyTwinStick/Content/Sprites/Cultist/CultistAttackLeft/CultistAttack.uasset" 13
"../../../../../Unreal Projects/CowboyTwinStick/Content/Sprites/Cultist/CultistAttackLeft/CultistAttack_Sprite_0.uasset" 14
"../../../../../Unreal Projects/CowboyTwinStick/Content/Sprites/Cultist/CultistAttackLeft/CultistAttack_Sprite_1.uasset" 15
"../../../../../Unreal Projects/CowboyTwinStick/Content/Sprites/Cultist/CultistAttackLeft/CultistAttack_Sprite_2.uasset" 16
"../../../../../Unreal Projects/CowboyTwinStick/Content/Sprites/Cultist/CultistAttackLeft/FB_CultistAttack_Begin.uasset" 17
"../../../../../Unreal Projects/CowboyTwinStick/Content/Sprites/Cultist/CultistAttackLeft/CultistAttack_Sprite_3.uasset" 18
"../../../../../Unreal Projects/CowboyTwinStick/Content/Sprites/Cultist/CultistAttackLeft/FB_CultistAttack_End.uasset" 19
"../../../../../Unreal Projects/CowboyTwinStick/Content/Sprites/Cultist/CultistAttackRight/CultistAttackRight.uasset" 20
"../../../../../Unreal Projects/CowboyTwinStick/Content/Sprites/Cultist/CultistAttackRight/CultistAttackRight_Sprite_0.uasset" 21
"../../../../../Unreal Projects/CowboyTwinStick/Content/Sprites/Cultist/CultistAttackRight/CultistAttackRight_Sprite_1.uasset" 22
"../../../../../Unreal Projects/CowboyTwinStick/Content/Sprites/Cultist/CultistAttackRight/CultistAttackRight_Sprite_2.uasset" 23
"../../../../../Unreal Projects/CowboyTwinStick/Content/Sprites/Cultist/CultistAttackRight/FB_CultistAttackRight_Begin.uasset" 24
"../../../../../Unreal Projects/CowboyTwinStick/Content/Sprites/Cultist/CultistAttackRight/CultistAttackRight_Sprite_3.uasset" 25
"../../../../../Unreal Projects/CowboyTwinStick/Content/Sprites/Cultist/CultistAttackRight/FB_CultistAttackRight_End.uasset" 26
"../../../../../Unreal Projects/CowboyTwinStick/Content/Sprites/Cultist/CultistDeaths/CultistDeath_01/CultistDeath_01.uasset" 27
"../../../../../Unreal Projects/CowboyTwinStick/Content/Sprites/Cultist/CultistDeaths/CultistDeath_01/CultistDeath_01_Sprite_0.uasset" 28
"../../../../../Unreal Projects/CowboyTwinStick/Content/Sprites/Cultist/CultistDeaths/CultistDeath_01/CultistDeath_01_Sprite_1.uasset" 29
"../../../../../Unreal Projects/CowboyTwinStick/Content/Sprites/Cultist/CultistDeaths/CultistDeath_01/CultistDeath_01_Sprite_2.uasset" 30
"../../../../../Unreal Projects/CowboyTwinStick/Content/Sprites/Cultist/CultistDeaths/CultistDeath_01/CultistDeath_01_Sprite_3.uasset" 31
"../../../../../Unreal Projects/CowboyTwinStick/Content/Sprites/Cultist/CultistDeaths/CultistDeath_01/CultistDeath_01_Sprite_4.uasset" 32
"../../../../../Unreal Projects/CowboyTwinStick/Content/Sprites/Cultist/CultistDeaths/CultistDeath_01/CultistDeath_01_Sprite_5.uasset" 33
"../../../../../Unreal Projects/CowboyTwinStick/Content/Sprites/Cultist/CultistDeaths/CultistDeath_01/FB_CultistDeath_01.uasset" 34
"../../../../../Unreal Projects/CowboyTwinStick/Content/Sprites/Cultist/CultistDeaths/CultistDeath_01_Right/CultistDeath_01_Right.uasset" 35
"../../../../../Unreal Projects/CowboyTwinStick/Content/Sprites/Cultist/CultistDeaths/CultistDeath_01_Right/CultistDeath_01_Right_Sprite_0.uasset" 36
"../../../../../Unreal Projects/CowboyTwinStick/Content/Sprites/Cultist/CultistDeaths/CultistDeath_01_Right/CultistDeath_01_Right_Sprite_1.uasset" 37
"../../../../../Unreal Projects/CowboyTwinStick/Content/Sprites/Cultist/CultistDeaths/CultistDeath_01_Right/CultistDeath_01_Right_Sprite_2.uasset" 38
"../../../../../Unreal Projects/CowboyTwinStick/Content/Sprites/Cultist/CultistDeaths/CultistDeath_01_Right/CultistDeath_01_Right_Sprite_3.uasset" 39
"../../../../../Unreal Projects/CowboyTwinStick/Content/Sprites/Cultist/CultistDeaths/CultistDeath_01_Right/CultistDeath_01_Right_Sprite_4.uasset" 40
"../../../../../Unreal Projects/CowboyTwinStick/Content/Sprites/Cultist/CultistDeaths/CultistDeath_01_Right/CultistDeath_01_Right_Sprite_5.uasset" 41
"../../../../../Unreal Projects/CowboyTwinStick/Content/Sprites/Cultist/CultistDeaths/CultistDeath_01_Right/FB_CultistDeath_01_Right.uasset" 42
"../../../../../Unreal Projects/CowboyTwinStick/Content/Sprites/Cultist/CultistDeaths/CultistDeath_02/CultistDeath_02.uasset" 43
"../../../../../Unreal Projects/CowboyTwinStick/Content/Sprites/Cultist/CultistDeaths/CultistDeath_02/CultistDeath_02_Sprite_0.uasset" 44
"../../../../../Unreal Projects/CowboyTwinStick/Content/Sprites/Cultist/CultistDeaths/CultistDeath_02/CultistDeath_02_Sprite_1.uasset" 45
"../../../../../Unreal Projects/CowboyTwinStick/Content/Sprites/Cultist/CultistDeaths/CultistDeath_02/CultistDeath_02_Sprite_2.uasset" 46
"../../../../../Unreal Projects/CowboyTwinStick/Content/Sprites/Cultist/CultistDeaths/CultistDeath_02/CultistDeath_02_Sprite_3.uasset" 47
"../../../../../Unreal Projects/CowboyTwinStick/Content/Sprites/Cultist/CultistDeaths/CultistDeath_02/CultistDeath_02_Sprite_4.uasset" 48
"../../../../../Unreal Projects/CowboyTwinStick/Content/Sprites/Cultist/CultistDeaths/CultistDeath_02/CultistDeath_02_Sprite_5.uasset" 49
"../../../../../Unreal Projects/CowboyTwinStick/Content/Sprites/Cultist/CultistDeaths/CultistDeath_02/CultistDeath_02_Sprite_6.uasset" 50
"../../../../../Unreal Projects/CowboyTwinStick/Content/Sprites/Cultist/CultistDeaths/CultistDeath_02/FB_CultistDeath_02.uasset" 51
"../../../../../Unreal Projects/CowboyTwinStick/Content/Sprites/Cultist/CultistDeaths/CultistDeath_02_Right/CultistDeath_02_Right.uasset" 52
"../../../../../Unreal Projects/CowboyTwinStick/Content/Sprites/Cultist/CultistDeaths/CultistDeath_02_Right/CultistDeath_02_Right_Sprite_0.uasset" 53
"../../../../../Unreal Projects/CowboyTwinStick/Content/Sprites/Cultist/CultistDeaths/CultistDeath_02_Right/CultistDeath_02_Right_Sprite_1.uasset" 54
"../../../../../Unreal Projects/CowboyTwinStick/Content/Sprites/Cultist/CultistDeaths/CultistDeath_02_Right/CultistDeath_02_Right_Sprite_2.uasset" 55
"../../../../../Unreal Projects/CowboyTwinStick/Content/Sprites/Cultist/CultistDeaths/CultistDeath_02_Right/CultistDeath_02_Right_Sprite_3.uasset" 56
"../../../../../Unreal Projects/CowboyTwinStick/Content/Sprites/Cultist/CultistDeaths/CultistDeath_02_Right/CultistDeath_02_Right_Sprite_4.uasset" 57
"../../../../../Unreal Projects/CowboyTwinStick/Content/Sprites/Cultist/CultistDeaths/CultistDeath_02_Right/CultistDeath_02_Right_Sprite_5.uasset" 58
"../../../../../Unreal Projects/CowboyTwinStick/Content/Sprites/Cultist/CultistDeaths/CultistDeath_02_Right/CultistDeath_02_Right_Sprite_6.uasset" 59
"../../../../../Unreal Projects/CowboyTwinStick/Content/Sprites/Cultist/CultistDeaths/CultistDeath_02_Right/CultistDeath_02_Right_Sprite_7.uasset" 60
"../../../../../Unreal Projects/CowboyTwinStick/Content/Sprites/Cultist/CultistDeaths/CultistDeath_02_Right/FB_CultistDeath_02_Right.uasset" 61
"../../../../../Unreal Projects/CowboyTwinStick/Content/Sprites/Cultist/CultistDeaths/CultistDeath_03/CultistDeath_03.uasset" 62
"../../../../../Unreal Projects/CowboyTwinStick/Content/Sprites/Cultist/CultistDeaths/CultistDeath_03/CultistDeath_03_Sprite_0.uasset" 63
"../../../../../Unreal Projects/CowboyTwinStick/Content/Sprites/Cultist/CultistDeaths/CultistDeath_03/CultistDeath_03_Sprite_1.uasset" 64
"../../../../../Unreal Projects/CowboyTwinStick/Content/Sprites/Cultist/CultistDeaths/CultistDeath_03/CultistDeath_03_Sprite_10.uasset" 65
"../../../../../Unreal Projects/CowboyTwinStick/Content/Sprites/Cultist/CultistDeaths/CultistDeath_03/CultistDeath_03_Sprite_11.uasset" 66
"../../../../../Unreal Projects/CowboyTwinStick/Content/Sprites/Cultist/CultistDeaths/CultistDeath_03/CultistDeath_03_Sprite_12.uasset" 67
"../../../../../Unreal Projects/CowboyTwinStick/Content/Sprites/Cultist/CultistDeaths/CultistDeath_03/CultistDeath_03_Sprite_13.uasset" 68
"../../../../../Unreal Projects/CowboyTwinStick/Content/Sprites/Cultist/CultistDeaths/CultistDeath_03/CultistDeath_03_Sprite_2.uasset" 69
"../../../../../Unreal Projects/CowboyTwinStick/Content/Sprites/Cultist/CultistDeaths/CultistDeath_03/CultistDeath_03_Sprite_3.uasset" 70
"../../../../../Unreal Projects/CowboyTwinStick/Content/Sprites/Cultist/CultistDeaths/CultistDeath_03/CultistDeath_03_Sprite_4.uasset" 71
"../../../../../Unreal Projects/CowboyTwinStick/Content/Sprites/Cultist/CultistDeaths/CultistDeath_03/CultistDeath_03_Sprite_5.uasset" 72
"../../../../../Unreal Projects/CowboyTwinStick/Content/Sprites/Cultist/CultistDeaths/CultistDeath_03/CultistDeath_03_Sprite_6.uasset" 73
"../../../../../Unreal Projects/CowboyTwinStick/Content/Sprites/Cultist/CultistDeaths/CultistDeath_03/CultistDeath_03_Sprite_7.uasset" 74
"../../../../../Unreal Projects/CowboyTwinStick/Content/Sprites/Cultist/CultistDeaths/CultistDeath_03/CultistDeath_03_Sprite_8.uasset" 75
"../../../../../Unreal Projects/CowboyTwinStick/Content/Sprites/Cultist/CultistDeaths/CultistDeath_03/CultistDeath_03_Sprite_9.uasset" 76
"../../../../../Unreal Projects/CowboyTwinStick/Content/Sprites/Cultist/CultistDeaths/CultistDeath_03/FB_CultistDeath_03.uasset" 77
"../../../../../Unreal Projects/CowboyTwinStick/Content/Sprites/Cultist/CultistDeaths/CultistDeath_03_Right/CultistDeath_03_Right.uasset" 78
"../../../../../Unreal Projects/CowboyTwinStick/Content/Sprites/Cultist/CultistDeaths/CultistDeath_03_Right/CultistDeath_03_Right_Sprite_0.uasset" 79
"../../../../../Unreal Projects/CowboyTwinStick/Content/Sprites/Cultist/CultistDeaths/CultistDeath_03_Right/CultistDeath_03_Right_Sprite_1.uasset" 80
"../../../../../Unreal Projects/CowboyTwinStick/Content/Sprites/Cultist/CultistDeaths/CultistDeath_03_Right/CultistDeath_03_Right_Sprite_10.uasset" 81
"../../../../../Unreal Projects/CowboyTwinStick/Content/Sprites/Cultist/CultistDeaths/CultistDeath_03_Right/CultistDeath_03_Right_Sprite_11.uasset" 82
"../../../../../Unreal Projects/CowboyTwinStick/Content/Sprites/Cultist/CultistDeaths/CultistDeath_03_Right/CultistDeath_03_Right_Sprite_12.uasset" 83
"../../../../../Unreal Projects/CowboyTwinStick/Content/Sprites/Cultist/CultistDeaths/CultistDeath_03_Right/CultistDeath_03_Right_Sprite_13.uasset" 84
"../../../../../Unreal Projects/CowboyTwinStick/Content/Sprites/Cultist/CultistDeaths/CultistDeath_03_Right/CultistDeath_03_Right_Sprite_2.uasset" 85
"../../../../../Unreal Projects/CowboyTwinStick/Content/Sprites/Cultist/CultistDeaths/CultistDeath_03_Right/CultistDeath_03_Right_Sprite_3.uasset" 86
"../../../../../Unreal Projects/CowboyTwinStick/Content/Sprites/Cultist/CultistDeaths/CultistDeath_03_Right/CultistDeath_03_Right_Sprite_4.uasset" 87
"../../../../../Unreal Projects/CowboyTwinStick/Content/Sprites/Cultist/CultistDeaths/CultistDeath_03_Right/CultistDeath_03_Right_Sprite_5.uasset" 88
"../../../../../Unreal Projects/CowboyTwinStick/Content/Sprites/Cultist/CultistDeaths/CultistDeath_03_Right/CultistDeath_03_Right_Sprite_6.uasset" 89
"../../../../../Unreal Projects/CowboyTwinStick/Content/Sprites/Cultist/CultistDeaths/CultistDeath_03_Right/CultistDeath_03_Right_Sprite_7.uasset" 90
"../../../../../Unreal Projects/CowboyTwinStick/Content/Sprites/Cultist/CultistDeaths/CultistDeath_03_Right/CultistDeath_03_Right_Sprite_8.uasset" 91
"../../../../../Unreal Projects/CowboyTwinStick/Content/Sprites/Cultist/CultistDeaths/CultistDeath_03_Right/CultistDeath_03_Right_Sprite_9.uasset" 92
"../../../../../Unreal Projects/CowboyTwinStick/Content/Sprites/Cultist/CultistDeaths/CultistDeath_03_Right/FB_CultistDeath_03_Right.uasset" 93
"../../../../../Unreal Projects/CowboyTwinStick/Content/Sprites/Cultist/CultistWalkLeft/CultistWalk.uasset" 94
"../../../../../Unreal Projects/CowboyTwinStick/Content/Sprites/Cultist/CultistWalkLeft/CultistWalk_Sprite_0.uasset" 95
"../../../../../Unreal Projects/CowboyTwinStick/Content/Sprites/Cultist/CultistWalkLeft/CultistWalk_Sprite_1.uasset" 96
"../../../../../Unreal Projects/CowboyTwinStick/Content/Sprites/Cultist/CultistWalkLeft/CultistWalk_Sprite_2.uasset" 97
"../../../../../Unreal Projects/CowboyTwinStick/Content/Sprites/Cultist/CultistWalkLeft/CultistWalk_Sprite_3.uasset" 98
"../../../../../Unreal Projects/CowboyTwinStick/Content/Sprites/Cultist/CultistWalkLeft/FB_CultistWalk.uasset" 99
"../../../../../Unreal Projects/CowboyTwinStick/Content/Sprites/Cultist/CultistWalkRight/CultistWalkRight.uasset" 100
"../../../../../Unreal Projects/CowboyTwinStick/Content/Sprites/Cultist/CultistWalkRight/CultistWalkRight_Sprite_0.uasset" 101
"../../../../../Unreal Projects/CowboyTwinStick/Content/Sprites/Cultist/CultistWalkRight/CultistWalkRight_Sprite_1.uasset" 102
"../../../../../Unreal Projects/CowboyTwinStick/Content/Sprites/Cultist/CultistWalkRight/CultistWalkRight_Sprite_2.uasset" 103
"../../../../../Unreal Projects/CowboyTwinStick/Content/Sprites/Cultist/CultistWalkRight/CultistWalkRight_Sprite_3.uasset" 104
"../../../../../Unreal Projects/CowboyTwinStick/Content/Sprites/Cultist/CultistWalkRight/FB_CultistWalkRight.uasset" 105
"../../../../../Unreal Projects/CowboyTwinStick/Content/Sprites/Guardian/GuardianAttackLeft/GuardianAttackLeft.uasset" 106
"../../../../../Unreal Projects/CowboyTwinStick/Content/Sprites/Guardian/GuardianAttackLeft/GuardianAttackLeft_Sprite_0.uasset" 107
"../../../../../Unreal Projects/CowboyTwinStick/Content/Sprites/Guardian/GuardianAttackLeft/GuardianAttackLeft_Sprite_1.uasset" 108
"../../../../../Unreal Projects/CowboyTwinStick/Content/Sprites/Guardian/GuardianAttackLeft/GuardianAttackLeft_Sprite_2.uasset" 109
"../../../../../Unreal Projects/CowboyTwinStick/Content/Sprites/Guardian/GuardianAttackLeft/FB_GuardianAttackLeft_Begin.uasset" 110
"../../../../../Unreal Projects/CowboyTwinStick/Content/Sprites/Guardian/GuardianAttackLeft/GuardianAttackLeft_Sprite_3.uasset" 111
"../../../../../Unreal Projects/CowboyTwinStick/Content/Sprites/Guardian/GuardianAttackLeft/FB_GuardianAttackLeft_End.uasset" 112
"../../../../../Unreal Projects/CowboyTwinStick/Content/Sprites/Guardian/GuardianAttackRight/GuardianAttackRight.uasset" 113
"../../../../../Unreal Projects/CowboyTwinStick/Content/Sprites/Guardian/GuardianAttackRight/GuardianAttackRight_Sprite_0.uasset" 114
"../../../../../Unreal Projects/CowboyTwinStick/Content/Sprites/Guardian/GuardianAttackRight/GuardianAttackRight_Sprite_1.uasset" 115
"../../../../../Unreal Projects/CowboyTwinStick/Content/Sprites/Guardian/GuardianAttackRight/GuardianAttackRight_Sprite_2.uasset" 116
"../../../../../Unreal Projects/CowboyTwinStick/Content/Sprites/Guardian/GuardianAttackRight/FB_GuardianAttackRight_Begin.uasset" 117
"../../../../../Unreal Projects/CowboyTwinStick/Content/Sprites/Guardian/GuardianAttackRight/GuardianAttackRight_Sprite_3.uasset" 118
"../../../../../Unreal Projects/CowboyTwinStick/Content/Sprites/Guardian/GuardianAttackRight/FB_GuardianAttackRight_End.uasset" 119
"../../../../../Unreal Projects/CowboyTwinStick/Content/Sprites/Guardian/GuardianWalkLeft/GuardianWalkLeft.uasset" 120
"../../../../../Unreal Projects/CowboyTwinStick/Content/Sprites/Guardian/GuardianWalkLeft/GuardianWalkLeft_Sprite_0.uasset" 121
"../../../../../Unreal Projects/CowboyTwinStick/Content/Sprites/Guardian/GuardianWalkLeft/GuardianWalkLeft_Sprite_1.uasset" 122
"../../../../../Unreal Projects/CowboyTwinStick/Content/Sprites/Guardian/GuardianWalkLeft/GuardianWalkLeft_Sprite_2.uasset" 123
"../../../../../Unreal Projects/CowboyTwinStick/Content/Sprites/Guardian/GuardianWalkLeft/GuardianWalkLeft_Sprite_3.uasset" 124
"../../../../../Unreal Projects/CowboyTwinStick/Content/Sprites/Guardian/GuardianWalkLeft/FB_GuardianWalkLeft.uasset" 125
"../../../../../Unreal Projects/CowboyTwinStick/Content/Sprites/Guardian/GuardianWalkRight/GuardianWalkRight.uasset" 126
"../../../../../Unreal Projects/CowboyTwinStick/Content/Sprites/Guardian/GuardianWalkRight/GuardianWalkRight_Sprite_0.uasset" 127
"../../../../../Unreal Projects/CowboyTwinStick/Content/Sprites/Guardian/GuardianWalkRight/GuardianWalkRight_Sprite_1.uasset" 128
"../../../../../Unreal Projects/CowboyTwinStick/Content/Sprites/Guardian/GuardianWalkRight/GuardianWalkRight_Sprite_2.uasset" 129
"../../../../../Unreal Projects/CowboyTwinStick/Content/Sprites/Guardian/GuardianWalkRight/GuardianWalkRight_Sprite_3.uasset" 130
"../../../../../Unreal Projects/CowboyTwinStick/Content/Sprites/Guardian/GuardianWalkRight/FB_GuardianWalkRight.uasset" 131
"../../../../../Unreal Projects/CowboyTwinStick/Content/BP/BP_EnemyCultist.uasset" 132
"../../../../../Unreal Projects/CowboyTwinStick/Content/BP/BP_HealthComponentMage.uasset" 133
"../../../../../Unreal Projects/CowboyTwinStick/Content/Particles/Material/Mat_Sparks.uasset" 134
"../../../../../Unreal Projects/CowboyTwinStick/Content/Particles/Material/Mat_Sparks_Inst.uasset" 135
"../../../../../Unreal Projects/CowboyTwinStick/Content/Particles/Particle_Sparks.uasset" 136
"../../../../../Unreal Projects/CowboyTwinStick/Content/Sprites/Projectiles/Cowboy/CowboyShot.uasset" 137
"../../../../../Unreal Projects/CowboyTwinStick/Content/Sprites/Projectiles/Cowboy/CowboyShot_Sprite_0.uasset" 138
"../../../../../Unreal Projects/CowboyTwinStick/Content/Sprites/Projectiles/Cowboy/CowboyShot_Sprite_1.uasset" 139
"../../../../../Unreal Projects/CowboyTwinStick/Content/Sprites/Projectiles/Cowboy/CowboyShot_Sprite_2.uasset" 140
"../../../../../Unreal Projects/CowboyTwinStick/Content/Sprites/Projectiles/Cowboy/FB_CowboyShot.uasset" 141
"../../../../../Unreal Projects/CowboyTwinStick/Content/BP/BP_BaseProjectile.uasset" 142
"../../../../../Unreal Projects/CowboyTwinStick/Content/Sprites/Projectiles/MageFireball/Fireball.uasset" 143
"../../../../../Unreal Projects/CowboyTwinStick/Content/Sprites/Projectiles/MageFireball/Fireball_Sprite_0.uasset" 144
"../../../../../Unreal Projects/CowboyTwinStick/Content/Sprites/Projectiles/MageFireball/Fireball_Sprite_1.uasset" 145
"../../../../../Unreal Projects/CowboyTwinStick/Content/Sprites/Projectiles/MageFireball/Fireball_Sprite_2.uasset" 146
"../../../../../Unreal Projects/CowboyTwinStick/Content/Sprites/Projectiles/MageFireball/FB_Fireball.uasset" 147
"../../../../../Unreal Projects/CowboyTwinStick/Content/BP/BP_ProjectileFireball.uasset" 148
"../../../../../Unreal Projects/CowboyTwinStick/Content/Sprites/Mage/MageCastLeft/MageCastLeft.uasset" 149
"../../../../../Unreal Projects/CowboyTwinStick/Content/Sprites/Mage/MageCastLeft/MageCastLeft_Sprite_0.uasset" 150
"../../../../../Unreal Projects/CowboyTwinStick/Content/Sprites/Mage/MageCastLeft/MageCastLeft_Sprite_1.uasset" 151
"../../../../../Unreal Projects/CowboyTwinStick/Content/Sprites/Mage/MageCastLeft/MageCastLeft_Sprite_2.uasset" 152
"../../../../../Unreal Projects/CowboyTwinStick/Content/Sprites/Mage/MageCastLeft/MageCastLeft_Sprite_3.uasset" 153
"../../../../../Unreal Projects/CowboyTwinStick/Content/Sprites/Mage/MageCastLeft/FB_MageCastLeft_Begin.uasset" 154
"../../../../../Unreal Projects/CowboyTwinStick/Content/Sprites/Mage/MageCastLeft/MageCastLeft_Sprite_4.uasset" 155
"../../../../../Unreal Projects/CowboyTwinStick/Content/Sprites/Mage/MageCastLeft/MageCastLeft_Sprite_5.uasset" 156
"../../../../../Unreal Projects/CowboyTwinStick/Content/Sprites/Mage/MageCastLeft/MageCastLeft_Sprite_6.uasset" 157
"../../../../../Unreal Projects/CowboyTwinStick/Content/Sprites/Mage/MageCastLeft/FB_MageCastLeft_End.uasset" 158
"../../../../../Unreal Projects/CowboyTwinStick/Content/Sprites/Mage/MageCastRight/MageCastRight.uasset" 159
"../../../../../Unreal Projects/CowboyTwinStick/Content/Sprites/Mage/MageCastRight/MageCastRight_Sprite_0.uasset" 160
"../../../../../Unreal Projects/CowboyTwinStick/Content/Sprites/Mage/MageCastRight/MageCastRight_Sprite_1.uasset" 161
"../../../../../Unreal Projects/CowboyTwinStick/Content/Sprites/Mage/MageCastRight/MageCastRight_Sprite_2.uasset" 162
"../../../../../Unreal Projects/CowboyTwinStick/Content/Sprites/Mage/MageCastRight/MageCastRight_Sprite_3.uasset" 163
"../../../../../Unreal Projects/CowboyTwinStick/Content/Sprites/Mage/MageCastRight/FB_MageCastRight_Begin.uasset" 164
"../../../../../Unreal Projects/CowboyTwinStick/Content/Sprites/Mage/MageCastRight/MageCastRight_Sprite_4.uasset" 165
"../../../../../Unreal Projects/CowboyTwinStick/Content/Sprites/Mage/MageCastRight/MageCastRight_Sprite_5.uasset" 166
"../../../../../Unreal Projects/CowboyTwinStick/Content/Sprites/Mage/MageCastRight/MageCastRight_Sprite_6.uasset" 167
"../../../../../Unreal Projects/CowboyTwinStick/Content/Sprites/Mage/MageCastRight/FB_MageCastRight_End.uasset" 168
"../../../../../Unreal Projects/CowboyTwinStick/Content/Sprites/Mage/MageDeath/MageDeath.uasset" 169
"../../../../../Unreal Projects/CowboyTwinStick/Content/Sprites/Mage/MageDeath/MageDeath_Sprite_0.uasset" 170
"../../../../../Unreal Projects/CowboyTwinStick/Content/Sprites/Mage/MageDeath/MageDeath_Sprite_1.uasset" 171
"../../../../../Unreal Projects/CowboyTwinStick/Content/Sprites/Mage/MageDeath/MageDeath_Sprite_2.uasset" 172
"../../../../../Unreal Projects/CowboyTwinStick/Content/Sprites/Mage/MageDeath/MageDeath_Sprite_3.uasset" 173
"../../../../../Unreal Projects/CowboyTwinStick/Content/Sprites/Mage/MageDeath/MageDeath_Sprite_4.uasset" 174
"../../../../../Unreal Projects/CowboyTwinStick/Content/Sprites/Mage/MageDeath/MageDeath_Sprite_5.uasset" 175
"../../../../../Unreal Projects/CowboyTwinStick/Content/Sprites/Mage/MageDeath/MageDeath_Sprite_6.uasset" 176
"../../../../../Unreal Projects/CowboyTwinStick/Content/Sprites/Mage/MageDeath/MageDeath_Sprite_7.uasset" 177
"../../../../../Unreal Projects/CowboyTwinStick/Content/Sprites/Mage/MageDeath/MageDeath_Sprite_8.uasset" 178
"../../../../../Unreal Projects/CowboyTwinStick/Content/Sprites/Mage/MageDeath/MageDeath_Sprite_9.uasset" 179
"../../../../../Unreal Projects/CowboyTwinStick/Content/Sprites/Mage/MageDeath/FB_MageDeath.uasset" 180
"../../../../../Unreal Projects/CowboyTwinStick/Content/Sprites/Mage/MageDeathRight/MageDeathRight.uasset" 181
"../../../../../Unreal Projects/CowboyTwinStick/Content/Sprites/Mage/MageDeathRight/MageDeathRight_Sprite_0.uasset" 182
"../../../../../Unreal Projects/CowboyTwinStick/Content/Sprites/Mage/MageDeathRight/MageDeathRight_Sprite_1.uasset" 183
"../../../../../Unreal Projects/CowboyTwinStick/Content/Sprites/Mage/MageDeathRight/MageDeathRight_Sprite_2.uasset" 184
"../../../../../Unreal Projects/CowboyTwinStick/Content/Sprites/Mage/MageDeathRight/MageDeathRight_Sprite_3.uasset" 185
"../../../../../Unreal Projects/CowboyTwinStick/Content/Sprites/Mage/MageDeathRight/MageDeathRight_Sprite_4.uasset" 186
"../../../../../Unreal Projects/CowboyTwinStick/Content/Sprites/Mage/MageDeathRight/MageDeathRight_Sprite_5.uasset" 187
"../../../../../Unreal Projects/CowboyTwinStick/Content/Sprites/Mage/MageDeathRight/MageDeathRight_Sprite_6.uasset" 188
"../../../../../Unreal Projects/CowboyTwinStick/Content/Sprites/Mage/MageDeathRight/MageDeathRight_Sprite_7.uasset" 189
"../../../../../Unreal Projects/CowboyTwinStick/Content/Sprites/Mage/MageDeathRight/MageDeathRight_Sprite_8.uasset" 190
"../../../../../Unreal Projects/CowboyTwinStick/Content/Sprites/Mage/MageDeathRight/FB_MageDeathRight.uasset" 191
"../../../../../Unreal Projects/CowboyTwinStick/Content/Sprites/Mage/MageIdleLeft/MageIdleLeft.uasset" 192
"../../../../../Unreal Projects/CowboyTwinStick/Content/Sprites/Mage/MageIdleLeft/MageIdleLeft_Sprite_0.uasset" 193
"../../../../../Unreal Projects/CowboyTwinStick/Content/Sprites/Mage/MageIdleLeft/MageIdleLeft_Sprite_1.uasset" 194
"../../../../../Unreal Projects/CowboyTwinStick/Content/Sprites/Mage/MageIdleLeft/MageIdleLeft_Sprite_2.uasset" 195
"../../../../../Unreal Projects/CowboyTwinStick/Content/Sprites/Mage/MageIdleLeft/MageIdleLeft_Sprite_3.uasset" 196
"../../../../../Unreal Projects/CowboyTwinStick/Content/Sprites/Mage/MageIdleLeft/MageIdleLeft_Sprite_4.uasset" 197
"../../../../../Unreal Projects/CowboyTwinStick/Content/Sprites/Mage/MageIdleLeft/MageIdleLeft_Sprite_5.uasset" 198
"../../../../../Unreal Projects/CowboyTwinStick/Content/Sprites/Mage/MageIdleLeft/MageIdleLeft_Sprite_6.uasset" 199
"../../../../../Unreal Projects/CowboyTwinStick/Content/Sprites/Mage/MageIdleLeft/FB_MageIdleLeft.uasset" 200
"../../../../../Unreal Projects/CowboyTwinStick/Content/Sprites/Mage/MageIdleRight/MageIdleRight.uasset" 201
"../../../../../Unreal Projects/CowboyTwinStick/Content/Sprites/Mage/MageIdleRight/MageIdleRight_Sprite_0.uasset" 202
"../../../../../Unreal Projects/CowboyTwinStick/Content/Sprites/Mage/MageIdleRight/MageIdleRight_Sprite_1.uasset" 203
"../../../../../Unreal Projects/CowboyTwinStick/Content/Sprites/Mage/MageIdleRight/MageIdleRight_Sprite_2.uasset" 204
"../../../../../Unreal Projects/CowboyTwinStick/Content/Sprites/Mage/MageIdleRight/MageIdleRight_Sprite_3.uasset" 205
"../../../../../Unreal Projects/CowboyTwinStick/Content/Sprites/Mage/MageIdleRight/MageIdleRight_Sprite_4.uasset" 206
"../../../../../Unreal Projects/CowboyTwinStick/Content/Sprites/Mage/MageIdleRight/MageIdleRight_Sprite_5.uasset" 207
"../../../../../Unreal Projects/CowboyTwinStick/Content/Sprites/Mage/MageIdleRight/MageIdleRight_Sprite_6.uasset" 208
"../../../../../Unreal Projects/CowboyTwinStick/Content/Sprites/Mage/MageIdleRight/FB_MageIdleRight.uasset" 209
"../../../../../Unreal Projects/CowboyTwinStick/Content/BP/BP_EnemyMage.uasset" 210
"../../../../../Unreal Projects/CowboyTwinStick/Content/Sequencer/SQ_Arena_3_1_v2.uasset" 211
"../../../../../Unreal Projects/CowboyTwinStick/Content/BP/DebugFunctionLibrary.uasset" 212
"../../../../../Unreal Projects/CowboyTwinStick/Content/BP/FlipbookComponentFunctionLibrary.uasset" 213
"../../../../../Unreal Projects/CowboyTwinStick/Content/Sprites/BossDemon/BossDemonAttackLeft/BossDemonAttackLeft.uasset" 214
"../../../../../Unreal Projects/CowboyTwinStick/Content/Sprites/BossDemon/BossDemonAttackLeft/BossDemonAttackLeft_Sprite_0.uasset" 215
"../../../../../Unreal Projects/CowboyTwinStick/Content/Sprites/BossDemon/BossDemonAttackLeft/BossDemonAttackLeft_Sprite_1.uasset" 216
"../../../../../Unreal Projects/CowboyTwinStick/Content/Sprites/BossDemon/BossDemonAttackLeft/BossDemonAttackLeft_Sprite_2.uasset" 217
"../../../../../Unreal Projects/CowboyTwinStick/Content/Sprites/BossDemon/BossDemonAttackLeft/BossDemonAttackLeft_Sprite_3.uasset" 218
"../../../../../Unreal Projects/CowboyTwinStick/Content/Sprites/BossDemon/BossDemonAttackLeft/FB_BossDemonAttackLeft_Begin.uasset" 219
"../../../../../Unreal Projects/CowboyTwinStick/Content/Sprites/BossDemon/BossDemonAttackLeft/BossDemonAttackLeft_Sprite_4.uasset" 220
"../../../../../Unreal Projects/CowboyTwinStick/Content/Sprites/BossDemon/BossDemonAttackLeft/BossDemonAttackLeft_Sprite_5.uasset" 221
"../../../../../Unreal Projects/CowboyTwinStick/Content/Sprites/BossDemon/BossDemonAttackLeft/FB_BossDemonAttackLeft_End.uasset" 222
"../../../../../Unreal Projects/CowboyTwinStick/Content/Sprites/BossDemon/BossDemonAttackRight/BossDemonAttackRight.uasset" 223
"../../../../../Unreal Projects/CowboyTwinStick/Content/Sprites/BossDemon/BossDemonAttackRight/BossDemonAttackRight_Sprite_0.uasset" 224
"../../../../../Unreal Projects/CowboyTwinStick/Content/Sprites/BossDemon/BossDemonAttackRight/BossDemonAttackRight_Sprite_1.uasset" 225
"../../../../../Unreal Projects/CowboyTwinStick/Content/Sprites/BossDemon/BossDemonAttackRight/BossDemonAttackRight_Sprite_2.uasset" 226
"../../../../../Unreal Projects/CowboyTwinStick/Content/Sprites/BossDemon/BossDemonAttackRight/BossDemonAttackRight_Sprite_3.uasset" 227
"../../../../../Unreal Projects/CowboyTwinStick/Content/Sprites/BossDemon/BossDemonAttackRight/FB_BossDemonAttackRight_Begin.uasset" 228
"../../../../../Unreal Projects/CowboyTwinStick/Content/Sprites/BossDemon/BossDemonAttackRight/BossDemonAttackRight_Sprite_4.uasset" 229
"../../../../../Unreal Projects/CowboyTwinStick/Content/Sprites/BossDemon/BossDemonAttackRight/BossDemonAttackRight_Sprite_5.uasset" 230
"../../../../../Unreal Projects/CowboyTwinStick/Content/Sprites/BossDemon/BossDemonAttackRight/FB_BossDemonAttackRight_End.uasset" 231
"../../../../../Unreal Projects/CowboyTwinStick/Content/Sprites/BossDemon/BossDemonDeathLeft/BossDemonDeathLeft.uasset" 232
"../../../../../Unreal Projects/CowboyTwinStick/Content/Sprites/BossDemon/BossDemonDeathLeft/BossDemonDeathLeft_Sprite_0.uasset" 233
"../../../../../Unreal Projects/CowboyTwinStick/Content/Sprites/BossDemon/BossDemonDeathLeft/BossDemonDeathLeft_Sprite_1.uasset" 234
"../../../../../Unreal Projects/CowboyTwinStick/Content/Sprites/BossDemon/BossDemonDeathLeft/BossDemonDeathLeft_Sprite_10.uasset" 235
"../../../../../Unreal Projects/CowboyTwinStick/Content/Sprites/BossDemon/BossDemonDeathLeft/BossDemonDeathLeft_Sprite_11.uasset" 236
"../../../../../Unreal Projects/CowboyTwinStick/Content/Sprites/BossDemon/BossDemonDeathLeft/BossDemonDeathLeft_Sprite_12.uasset" 237
"../../../../../Unreal Projects/CowboyTwinStick/Content/Sprites/BossDemon/BossDemonDeathLeft/BossDemonDeathLeft_Sprite_13.uasset" 238
"../../../../../Unreal Projects/CowboyTwinStick/Content/Sprites/BossDemon/BossDemonDeathLeft/BossDemonDeathLeft_Sprite_14.uasset" 239
"../../../../../Unreal Projects/CowboyTwinStick/Content/Sprites/BossDemon/BossDemonDeathLeft/BossDemonDeathLeft_Sprite_15.uasset" 240
"../../../../../Unreal Projects/CowboyTwinStick/Content/Sprites/BossDemon/BossDemonDeathLeft/BossDemonDeathLeft_Sprite_16.uasset" 241
"../../../../../Unreal Projects/CowboyTwinStick/Content/Sprites/BossDemon/BossDemonDeathLeft/BossDemonDeathLeft_Sprite_17.uasset" 242
"../../../../../Unreal Projects/CowboyTwinStick/Content/Sprites/BossDemon/BossDemonDeathLeft/BossDemonDeathLeft_Sprite_18.uasset" 243
"../../../../../Unreal Projects/CowboyTwinStick/Content/Sprites/BossDemon/BossDemonDeathLeft/BossDemonDeathLeft_Sprite_19.uasset" 244
"../../../../../Unreal Projects/CowboyTwinStick/Content/Sprites/BossDemon/BossDemonDeathLeft/BossDemonDeathLeft_Sprite_2.uasset" 245
"../../../../../Unreal Projects/CowboyTwinStick/Content/Sprites/BossDemon/BossDemonDeathLeft/BossDemonDeathLeft_Sprite_3.uasset" 246
"../../../../../Unreal Projects/CowboyTwinStick/Content/Sprites/BossDemon/BossDemonDeathLeft/BossDemonDeathLeft_Sprite_4.uasset" 247
"../../../../../Unreal Projects/CowboyTwinStick/Content/Sprites/BossDemon/BossDemonDeathLeft/BossDemonDeathLeft_Sprite_5.uasset" 248
"../../../../../Unreal Projects/CowboyTwinStick/Content/Sprites/BossDemon/BossDemonDeathLeft/BossDemonDeathLeft_Sprite_6.uasset" 249
"../../../../../Unreal Projects/CowboyTwinStick/Content/Sprites/BossDemon/BossDemonDeathLeft/BossDemonDeathLeft_Sprite_7.uasset" 250
"../../../../../Unreal Projects/CowboyTwinStick/Content/Sprites/BossDemon/BossDemonDeathLeft/BossDemonDeathLeft_Sprite_8.uasset" 251
"../../../../../Unreal Projects/CowboyTwinStick/Content/Sprites/BossDemon/BossDemonDeathLeft/BossDemonDeathLeft_Sprite_9.uasset" 252
"../../../../../Unreal Projects/CowboyTwinStick/Content/Sprites/BossDemon/BossDemonDeathLeft/FB_BossDemonDeathLeft.uasset" 253
"../../../../../Unreal Projects/CowboyTwinStick/Content/Sprites/BossDemon/BossDemonDeathRight/BossDemonDeathRight.uasset" 254
"../../../../../Unreal Projects/CowboyTwinStick/Content/Sprites/BossDemon/BossDemonDeathRight/BossDemonDeathRight_Sprite_0.uasset" 255
"../../../../../Unreal Projects/CowboyTwinStick/Content/Sprites/BossDemon/BossDemonDeathRight/BossDemonDeathRight_Sprite_1.uasset" 256
"../../../../../Unreal Projects/CowboyTwinStick/Content/Sprites/BossDemon/BossDemonDeathRight/BossDemonDeathRight_Sprite_10.uasset" 257
"../../../../../Unreal Projects/CowboyTwinStick/Content/Sprites/BossDemon/BossDemonDeathRight/BossDemonDeathRight_Sprite_11.uasset" 258
"../../../../../Unreal Projects/CowboyTwinStick/Content/Sprites/BossDemon/BossDemonDeathRight/BossDemonDeathRight_Sprite_12.uasset" 259
"../../../../../Unreal Projects/CowboyTwinStick/Content/Sprites/BossDemon/BossDemonDeathRight/BossDemonDeathRight_Sprite_13.uasset" 260
"../../../../../Unreal Projects/CowboyTwinStick/Content/Sprites/BossDemon/BossDemonDeathRight/BossDemonDeathRight_Sprite_14.uasset" 261
"../../../../../Unreal Projects/CowboyTwinStick/Content/Sprites/BossDemon/BossDemonDeathRight/BossDemonDeathRight_Sprite_15.uasset" 262
"../../../../../Unreal Projects/CowboyTwinStick/Content/Sprites/BossDemon/BossDemonDeathRight/BossDemonDeathRight_Sprite_16.uasset" 263
"../../../../../Unreal Projects/CowboyTwinStick/Content/Sprites/BossDemon/BossDemonDeathRight/BossDemonDeathRight_Sprite_17.uasset" 264
"../../../../../Unreal Projects/CowboyTwinStick/Content/Sprites/BossDemon/BossDemonDeathRight/BossDemonDeathRight_Sprite_18.uasset" 265
"../../../../../Unreal Projects/CowboyTwinStick/Content/Sprites/BossDemon/BossDemonDeathRight/BossDemonDeathRight_Sprite_19.uasset" 266
"../../../../../Unreal Projects/CowboyTwinStick/Content/Sprites/BossDemon/BossDemonDeathRight/BossDemonDeathRight_Sprite_2.uasset" 267
"../../../../../Unreal Projects/CowboyTwinStick/Content/Sprites/BossDemon/BossDemonDeathRight/BossDemonDeathRight_Sprite_3.uasset" 268
"../../../../../Unreal Projects/CowboyTwinStick/Content/Sprites/BossDemon/BossDemonDeathRight/BossDemonDeathRight_Sprite_4.uasset" 269
"../../../../../Unreal Projects/CowboyTwinStick/Content/Sprites/BossDemon/BossDemonDeathRight/BossDemonDeathRight_Sprite_5.uasset" 270
"../../../../../Unreal Projects/CowboyTwinStick/Content/Sprites/BossDemon/BossDemonDeathRight/BossDemonDeathRight_Sprite_6.uasset" 271
"../../../../../Unreal Projects/CowboyTwinStick/Content/Sprites/BossDemon/BossDemonDeathRight/BossDemonDeathRight_Sprite_7.uasset" 272
"../../../../../Unreal Projects/CowboyTwinStick/Content/Sprites/BossDemon/BossDemonDeathRight/BossDemonDeathRight_Sprite_8.uasset" 273
"../../../../../Unreal Projects/CowboyTwinStick/Content/Sprites/BossDemon/BossDemonDeathRight/BossDemonDeathRight_Sprite_9.uasset" 274
"../../../../../Unreal Projects/CowboyTwinStick/Content/Sprites/BossDemon/BossDemonDeathRight/FB_BossDemonDeathRight.uasset" 275
"../../../../../Unreal Projects/CowboyTwinStick/Content/Sprites/BossDemon/BossDemonIdle/BossDemonIdle.uasset" 276
"../../../../../Unreal Projects/CowboyTwinStick/Content/Sprites/BossDemon/BossDemonIdle/BossDemonIdle_Sprite_0.uasset" 277
"../../../../../Unreal Projects/CowboyTwinStick/Content/Sprites/BossDemon/BossDemonIdle/BossDemonIdle_Sprite_1.uasset" 278
"../../../../../Unreal Projects/CowboyTwinStick/Content/Sprites/BossDemon/BossDemonIdle/BossDemonIdle_Sprite_2.uasset" 279
"../../../../../Unreal Projects/CowboyTwinStick/Content/Sprites/BossDemon/BossDemonIdle/BossDemonIdle_Sprite_3.uasset" 280
"../../../../../Unreal Projects/CowboyTwinStick/Content/Sprites/BossDemon/BossDemonIdle/BossDemonIdle_Sprite_4.uasset" 281
"../../../../../Unreal Projects/CowboyTwinStick/Content/Sprites/BossDemon/BossDemonIdle/BossDemonIdle_Sprite_5.uasset" 282
"../../../../../Unreal Projects/CowboyTwinStick/Content/Sprites/BossDemon/BossDemonIdle/BossDemonIdle_Sprite_6.uasset" 283
"../../../../../Unreal Projects/CowboyTwinStick/Content/Sprites/BossDemon/BossDemonIdle/BossDemonIdle_Sprite_7.uasset" 284
"../../../../../Unreal Projects/CowboyTwinStick/Content/Sprites/BossDemon/BossDemonIdle/FB_BossDemonIdle.uasset" 285
"../../../../../Unreal Projects/CowboyTwinStick/Content/Sprites/BossDemon/BossDemonIdle_Right/BossDemonIdle_Right.uasset" 286
"../../../../../Unreal Projects/CowboyTwinStick/Content/Sprites/BossDemon/BossDemonIdle_Right/BossDemonIdle_Right_Sprite_0.uasset" 287
"../../../../../Unreal Projects/CowboyTwinStick/Content/Sprites/BossDemon/BossDemonIdle_Right/BossDemonIdle_Right_Sprite_1.uasset" 288
"../../../../../Unreal Projects/CowboyTwinStick/Content/Sprites/BossDemon/BossDemonIdle_Right/BossDemonIdle_Right_Sprite_2.uasset" 289
"../../../../../Unreal Projects/CowboyTwinStick/Content/Sprites/BossDemon/BossDemonIdle_Right/BossDemonIdle_Right_Sprite_3.uasset" 290
"../../../../../Unreal Projects/CowboyTwinStick/Content/Sprites/BossDemon/BossDemonIdle_Right/BossDemonIdle_Right_Sprite_4.uasset" 291
"../../../../../Unreal Projects/CowboyTwinStick/Content/Sprites/BossDemon/BossDemonIdle_Right/BossDemonIdle_Right_Sprite_5.uasset" 292
"../../../../../Unreal Projects/CowboyTwinStick/Content/Sprites/BossDemon/BossDemonIdle_Right/BossDemonIdle_Right_Sprite_6.uasset" 293
"../../../../../Unreal Projects/CowboyTwinStick/Content/Sprites/BossDemon/BossDemonIdle_Right/BossDemonIdle_Right_Sprite_7.uasset" 294
"../../../../../Unreal Projects/CowboyTwinStick/Content/Sprites/BossDemon/BossDemonIdle_Right/FB_BossDemonIdle_Right.uasset" 295
"../../../../../Unreal Projects/CowboyTwinStick/Content/Sprites/BossDemon/BossDemonWalkLeft/BossDemonWalkLeft.uasset" 296
"../../../../../Unreal Projects/CowboyTwinStick/Content/Sprites/BossDemon/BossDemonWalkLeft/BossDemonWalkLeft_Sprite_0.uasset" 297
"../../../../../Unreal Projects/CowboyTwinStick/Content/Sprites/BossDemon/BossDemonWalkLeft/BossDemonWalkLeft_Sprite_1.uasset" 298
"../../../../../Unreal Projects/CowboyTwinStick/Content/Sprites/BossDemon/BossDemonWalkLeft/BossDemonWalkLeft_Sprite_10.uasset" 299
"../../../../../Unreal Projects/CowboyTwinStick/Content/Sprites/BossDemon/BossDemonWalkLeft/BossDemonWalkLeft_Sprite_11.uasset" 300
"../../../../../Unreal Projects/CowboyTwinStick/Content/Sprites/BossDemon/BossDemonWalkLeft/BossDemonWalkLeft_Sprite_12.uasset" 301
"../../../../../Unreal Projects/CowboyTwinStick/Content/Sprites/BossDemon/BossDemonWalkLeft/BossDemonWalkLeft_Sprite_2.uasset" 302
"../../../../../Unreal Projects/CowboyTwinStick/Content/Sprites/BossDemon/BossDemonWalkLeft/BossDemonWalkLeft_Sprite_3.uasset" 303
"../../../../../Unreal Projects/CowboyTwinStick/Content/Sprites/BossDemon/BossDemonWalkLeft/BossDemonWalkLeft_Sprite_4.uasset" 304
"../../../../../Unreal Projects/CowboyTwinStick/Content/Sprites/BossDemon/BossDemonWalkLeft/BossDemonWalkLeft_Sprite_5.uasset" 305
"../../../../../Unreal Projects/CowboyTwinStick/Content/Sprites/BossDemon/BossDemonWalkLeft/BossDemonWalkLeft_Sprite_6.uasset" 306
"../../../../../Unreal Projects/CowboyTwinStick/Content/Sprites/BossDemon/BossDemonWalkLeft/BossDemonWalkLeft_Sprite_7.uasset" 307
"../../../../../Unreal Projects/CowboyTwinStick/Content/Sprites/BossDemon/BossDemonWalkLeft/BossDemonWalkLeft_Sprite_8.uasset" 308
"../../../../../Unreal Projects/CowboyTwinStick/Content/Sprites/BossDemon/BossDemonWalkLeft/BossDemonWalkLeft_Sprite_9.uasset" 309
"../../../../../Unreal Projects/CowboyTwinStick/Content/Sprites/BossDemon/BossDemonWalkLeft/FB_BossDemonWalkLeft.uasset" 310
"../../../../../Unreal Projects/CowboyTwinStick/Content/Sprites/BossDemon/BossDemonWalkRight/BossDemonWalkRight.uasset" 311
"../../../../../Unreal Projects/CowboyTwinStick/Content/Sprites/BossDemon/BossDemonWalkRight/BossDemonWalkRight_Sprite_0.uasset" 312
"../../../../../Unreal Projects/CowboyTwinStick/Content/Sprites/BossDemon/BossDemonWalkRight/BossDemonWalkRight_Sprite_1.uasset" 313
"../../../../../Unreal Projects/CowboyTwinStick/Content/Sprites/BossDemon/BossDemonWalkRight/BossDemonWalkRight_Sprite_10.uasset" 314
"../../../../../Unreal Projects/CowboyTwinStick/Content/Sprites/BossDemon/BossDemonWalkRight/BossDemonWalkRight_Sprite_11.uasset" 315
"../../../../../Unreal Projects/CowboyTwinStick/Content/Sprites/BossDemon/BossDemonWalkRight/BossDemonWalkRight_Sprite_12.uasset" 316
"../../../../../Unreal Projects/CowboyTwinStick/Content/Sprites/BossDemon/BossDemonWalkRight/BossDemonWalkRight_Sprite_2.uasset" 317
"../../../../../Unreal Projects/CowboyTwinStick/Content/Sprites/BossDemon/BossDemonWalkRight/BossDemonWalkRight_Sprite_3.uasset" 318
"../../../../../Unreal Projects/CowboyTwinStick/Content/Sprites/BossDemon/BossDemonWalkRight/BossDemonWalkRight_Sprite_4.uasset" 319
"../../../../../Unreal Projects/CowboyTwinStick/Content/Sprites/BossDemon/BossDemonWalkRight/BossDemonWalkRight_Sprite_5.uasset" 320
"../../../../../Unreal Projects/CowboyTwinStick/Content/Sprites/BossDemon/BossDemonWalkRight/BossDemonWalkRight_Sprite_6.uasset" 321
"../../../../../Unreal Projects/CowboyTwinStick/Content/Sprites/BossDemon/BossDemonWalkRight/BossDemonWalkRight_Sprite_7.uasset" 322
"../../../../../Unreal Projects/CowboyTwinStick/Content/Sprites/BossDemon/BossDemonWalkRight/BossDemonWalkRight_Sprite_8.uasset" 323
"../../../../../Unreal Projects/CowboyTwinStick/Content/Sprites/BossDemon/BossDemonWalkRight/BossDemonWalkRight_Sprite_9.uasset" 324
"../../../../../Unreal Projects/CowboyTwinStick/Content/Sprites/BossDemon/BossDemonWalkRight/FB_BossDemonWalkRight.uasset" 325
"../../../../../Unreal Projects/CowboyTwinStick/Content/Sprites/Effects/BossDemonAttack/BossDemonAttack.uasset" 326
"../../../../../Unreal Projects/CowboyTwinStick/Content/Sprites/Effects/BossDemonAttack/BossDemonAttack_Sprite_0.uasset" 327
"../../../../../Unreal Projects/CowboyTwinStick/Content/Sprites/Effects/BossDemonAttack/BossDemonAttack_Sprite_1.uasset" 328
"../../../../../Unreal Projects/CowboyTwinStick/Content/Sprites/Effects/BossDemonAttack/BossDemonAttack_Sprite_2.uasset" 329
"../../../../../Unreal Projects/CowboyTwinStick/Content/Sprites/Effects/BossDemonAttack/BossDemonAttack_Sprite_3.uasset" 330
"../../../../../Unreal Projects/CowboyTwinStick/Content/Sprites/Effects/BossDemonAttack/BossDemonAttack_Sprite_4.uasset" 331
"../../../../../Unreal Projects/CowboyTwinStick/Content/Sprites/Effects/BossDemonAttack/BossDemonAttack_Sprite_5.uasset" 332
"../../../../../Unreal Projects/CowboyTwinStick/Content/Sprites/Effects/BossDemonAttack/FB_BossDemonAttack.uasset" 333
"../../../../../Unreal Projects/CowboyTwinStick/Content/BP/BP_EnemyBossDemon.uasset" 334
"../../../../../Unreal Projects/CowboyTwinStick/Content/Sequencer/SQ_Arena_4_1_v2.uasset" 335
"../../../../../Unreal Projects/CowboyTwinStick/Content/Sprites/Cube_2x2.uasset" 336
"../../../../../Unreal Projects/CowboyTwinStick/Content/Sprites/BossDemon/BossDemonAttackLeft/FB_BossDemonAttackLeft.uasset" 337
"../../../../../Unreal Projects/CowboyTwinStick/Content/Sprites/BossDemon/BossDemonAttackRight/FB_BossDemonAttackRight.uasset" 338
"../../../../../Unreal Projects/CowboyTwinStick/Content/Sprites/BossDemon/BossDemonWalk/BossDemonWalk.uasset" 339
"../../../../../Unreal Projects/CowboyTwinStick/Content/Sprites/BossDemon/BossDemonWalk/BossDemonWalk_Sprite_0.uasset" 340
"../../../../../Unreal Projects/CowboyTwinStick/Content/Sprites/BossDemon/BossDemonWalk/BossDemonWalk_Sprite_1.uasset" 341
"../../../../../Unreal Projects/CowboyTwinStick/Content/Sprites/BossDemon/BossDemonWalk/BossDemonWalk_Sprite_2.uasset" 342
"../../../../../Unreal Projects/CowboyTwinStick/Content/Sprites/BossDemon/BossDemonWalk/BossDemonWalk_Sprite_3.uasset" 343
"../../../../../Unreal Projects/CowboyTwinStick/Content/Sprites/BossDemon/BossDemonWalk/BossDemonWalk_Sprite_4.uasset" 344
"../../../../../Unreal Projects/CowboyTwinStick/Content/Sprites/BossDemon/BossDemonWalk/FB_BossDemonWalk.uasset" 345
"../../../../../Unreal Projects/CowboyTwinStick/Content/Sprites/CowboyDeath/BossDemonDeathLeft/CowboyBossDemonDeathLeft.uasset" 346
"../../../../../Unreal Projects/CowboyTwinStick/Content/Sprites/CowboyDeath/BossDemonDeathLeft/CowboyBossDemonDeathLeft_Sprite_0.uasset" 347
"../../../../../Unreal Projects/CowboyTwinStick/Content/Sprites/CowboyDeath/BossDemonDeathLeft/CowboyBossDemonDeathLeft_Sprite_1.uasset" 348
"../../../../../Unreal Projects/CowboyTwinStick/Content/Sprites/CowboyDeath/BossDemonDeathLeft/CowboyBossDemonDeathLeft_Sprite_2.uasset" 349
"../../../../../Unreal Projects/CowboyTwinStick/Content/Sprites/CowboyDeath/BossDemonDeathLeft/CowboyBossDemonDeathLeft_Sprite_3.uasset" 350
"../../../../../Unreal Projects/CowboyTwinStick/Content/Sprites/CowboyDeath/BossDemonDeathLeft/CowboyBossDemonDeathLeft_Sprite_4.uasset" 351
"../../../../../Unreal Projects/CowboyTwinStick/Content/Sprites/CowboyDeath/BossDemonDeathLeft/CowboyBossDemonDeathLeft_Sprite_5.uasset" 352
"../../../../../Unreal Projects/CowboyTwinStick/Content/Sprites/CowboyDeath/BossDemonDeathLeft/FB_CowboyBossDemonDeathLeft.uasset" 353
"../../../../../Unreal Projects/CowboyTwinStick/Content/Sprites/CowboyDeath/BossDemonDeathRight/CowboyBossDemonDeathRight.uasset" 354
"../../../../../Unreal Projects/CowboyTwinStick/Content/Sprites/CowboyDeath/BossDemonDeathRight/CowboyBossDemonDeathRight_Sprite_0.uasset" 355
"../../../../../Unreal Projects/CowboyTwinStick/Content/Sprites/CowboyDeath/BossDemonDeathRight/CowboyBossDemonDeathRight_Sprite_1.uasset" 356
"../../../../../Unreal Projects/CowboyTwinStick/Content/Sprites/CowboyDeath/BossDemonDeathRight/CowboyBossDemonDeathRight_Sprite_2.uasset" 357
"../../../../../Unreal Projects/CowboyTwinStick/Content/Sprites/CowboyDeath/BossDemonDeathRight/CowboyBossDemonDeathRight_Sprite_3.uasset" 358
"../../../../../Unreal Projects/CowboyTwinStick/Content/Sprites/CowboyDeath/BossDemonDeathRight/CowboyBossDemonDeathRight_Sprite_4.uasset" 359
"../../../../../Unreal Projects/CowboyTwinStick/Content/Sprites/CowboyDeath/BossDemonDeathRight/CowboyBossDemonDeathRight_Sprite_5.uasset" 360
"../../../../../Unreal Projects/CowboyTwinStick/Content/Sprites/CowboyDeath/BossDemonDeathRight/FB_CowboyBossDemonDeathRight.uasset" 361
"../../../../../Unreal Projects/CowboyTwinStick/Content/Sprites/Cultist/CultistAttackLeft/FB_CultistAttack.uasset" 362
"../../../../../Unreal Projects/CowboyTwinStick/Content/Sprites/Effects/AttackDirection/AttackDirection.uasset" 363
"../../../../../Unreal Projects/CowboyTwinStick/Content/Sprites/Effects/AttackDirection/AttackDirection_Sprite_0.uasset" 364
"../../../../../Unreal Projects/CowboyTwinStick/Content/Sprites/Effects/AttackDirection/AttackDirection_Sprite_1.uasset" 365
"../../../../../Unreal Projects/CowboyTwinStick/Content/Sprites/Effects/AttackDirection/AttackDirection_Sprite_2.uasset" 366
"../../../../../Unreal Projects/CowboyTwinStick/Content/Sprites/Effects/AttackDirection/AttackDirection_Sprite_3.uasset" 367
"../../../../../Unreal Projects/CowboyTwinStick/Content/Sprites/Effects/AttackDirection/AttackDirection_Sprite_4.uasset" 368
"../../../../../Unreal Projects/CowboyTwinStick/Content/Sprites/Effects/AttackDirection/FB_AttackDirection.uasset" 369
"../../../../../Unreal Projects/CowboyTwinStick/Content/Sprites/Effects/AttackDirection_v2/AttackDirection_v2.uasset" 370
"../../../../../Unreal Projects/CowboyTwinStick/Content/Sprites/Effects/AttackDirection_v2/AttackDirection_v2_Sprite_0.uasset" 371
"../../../../../Unreal Projects/CowboyTwinStick/Content/Sprites/Effects/AttackDirection_v2/AttackDirection_v2_Sprite_1.uasset" 372
"../../../../../Unreal Projects/CowboyTwinStick/Content/Sprites/Effects/AttackDirection_v2/AttackDirection_v2_Sprite_2.uasset" 373
"../../../../../Unreal Projects/CowboyTwinStick/Content/Sprites/Effects/AttackDirection_v2/AttackDirection_v2_Sprite_3.uasset" 374
"../../../../../Unreal Projects/CowboyTwinStick/Content/Sprites/Effects/AttackDirection_v2/AttackDirection_v2_Sprite_4.uasset" 375
"../../../../../Unreal Projects/CowboyTwinStick/Content/Sprites/Effects/AttackDirection_v2/FB_AttackDirection_v2.uasset" 376
"../../../../../Unreal Projects/CowboyTwinStick/Content/Sprites/Effects/Smoke/Smoke.uasset" 377
"../../../../../Unreal Projects/CowboyTwinStick/Content/Sprites/Effects/Smoke/Smoke_Sprite_0.uasset" 378
"../../../../../Unreal Projects/CowboyTwinStick/Content/Sprites/Effects/Smoke/Smoke_Sprite_1.uasset" 379
"../../../../../Unreal Projects/CowboyTwinStick/Content/Sprites/Effects/Smoke/Smoke_Sprite_2.uasset" 380
"../../../../../Unreal Projects/CowboyTwinStick/Content/Sprites/Effects/Smoke/Smoke_Sprite_3.uasset" 381
"../../../../../Unreal Projects/CowboyTwinStick/Content/Sprites/Effects/Smoke/Smoke_Sprite_4.uasset" 382
"../../../../../Unreal Projects/CowboyTwinStick/Content/Sprites/Effects/Smoke/Smoke_Sprite_5.uasset" 383
"../../../../../Unreal Projects/CowboyTwinStick/Content/Sprites/Effects/Smoke/FB_Smoke.uasset" 384
"../../../../../Unreal Projects/CowboyTwinStick/Content/Sprites/Mage/BossDeathLeft/MageBossDeathLeft.uasset" 385
"../../../../../Unreal Projects/CowboyTwinStick/Content/Sprites/Mage/BossDeathLeft/MageBossDeathLeft_Sprite_0.uasset" 386
"../../../../../Unreal Projects/CowboyTwinStick/Content/Sprites/Mage/BossDeathLeft/MageBossDeathLeft_Sprite_1.uasset" 387
"../../../../../Unreal Projects/CowboyTwinStick/Content/Sprites/Mage/BossDeathLeft/MageBossDeathLeft_Sprite_2.uasset" 388
"../../../../../Unreal Projects/CowboyTwinStick/Content/Sprites/Mage/BossDeathLeft/MageBossDeathLeft_Sprite_3.uasset" 389
"../../../../../Unreal Projects/CowboyTwinStick/Content/Sprites/Mage/BossDeathLeft/MageBossDeathLeft_Sprite_4.uasset" 390
"../../../../../Unreal Projects/CowboyTwinStick/Content/Sprites/Mage/BossDeathLeft/MageBossDeathLeft_Sprite_5.uasset" 391
"../../../../../Unreal Projects/CowboyTwinStick/Content/Sprites/Mage/BossDeathLeft/FB_MageBossDeathLeft.uasset" 392
"../../../../../Unreal Projects/CowboyTwinStick/Content/Sprites/Mage/BossDeathRight/MageBossDeathRight.uasset" 393
"../../../../../Unreal Projects/CowboyTwinStick/Content/Sprites/Mage/BossDeathRight/MageBossDeathRight_Sprite_0.uasset" 394
"../../../../../Unreal Projects/CowboyTwinStick/Content/Sprites/Mage/BossDeathRight/MageBossDeathRight_Sprite_1.uasset" 395
"../../../../../Unreal Projects/CowboyTwinStick/Content/Sprites/Mage/BossDeathRight/MageBossDeathRight_Sprite_2.uasset" 396
"../../../../../Unreal Projects/CowboyTwinStick/Content/Sprites/Mage/BossDeathRight/MageBossDeathRight_Sprite_3.uasset" 397
"../../../../../Unreal Projects/CowboyTwinStick/Content/Sprites/Mage/BossDeathRight/MageBossDeathRight_Sprite_4.uasset" 398
"../../../../../Unreal Projects/CowboyTwinStick/Content/Sprites/Mage/BossDeathRight/MageBossDeathRight_Sprite_5.uasset" 399
"../../../../../Unreal Projects/CowboyTwinStick/Content/Sprites/Mage/BossDeathRight/FB_MageBossDeathRight.uasset" 400
"../../../../../Unreal Projects/CowboyTwinStick/Content/Sprites/Mage/MageCastLeft/FB_MageCastLeft.uasset" 401
"../../../../../Unreal Projects/CowboyTwinStick/Content/Sprites/Mage/MageCastRight/FB_MageCastRight.uasset" 402
"../../../../../Unreal Projects/CowboyTwinStick/Content/Sprites/Mage/MageDeathRight/MageDeathRight_Sprite_9.uasset" 403
"../../../Engine/Content/Functions/Engine_MaterialFunctions02/Utility/Sign.uasset" 404
"../../../Engine/Content/Functions/Engine_MaterialFunctions02/Utility/Round.uasset" 405
"../../../Engine/Content/Functions/Engine_MaterialFunctions02/ExampleContent/Textures/flipbook.uasset" 406
"../../../Engine/Content/Functions/Engine_MaterialFunctions02/Texturing/FlipBook.uasset" 407
"../../../../../Unreal Projects/CowboyTwinStick/Content/Sprites/Backgrounds/Torch/torch.uasset" 408
"../../../../../Unreal Projects/CowboyTwinStick/Content/UI/material/MAT_Torch.uasset" 409
"../../../../../Unreal Projects/CowboyTwinStick/Content/UI/Textures/arrow.uasset" 410
"../../../Engine/Content/Functions/Engine_MaterialFunctions01/Opacity/CameraDepthFade.uasset" 411
"../../../Engine/Content/EngineMaterials/T_Default_Material_Grid_M.uasset" 412
"../../../Engine/Content/EngineMaterials/T_Default_Material_Grid_N.uasset" 413
"../../../Engine/Content/EngineMaterials/WorldGridMaterial.uasset" 414
"../../../Engine/Content/ArtTools/RenderToTexture/Meshes/S_1_Unit_Plane.uasset" 415
"../../../Engine/Content/EngineMaterials/DefaultMaterial.uasset" 416
"../../../Engine/Content/BasicShapes/Cone.uasset" 417
"../../../Engine/Content/BasicShapes/Cube.uasset" 418
"../../../Engine/Content/BasicShapes/Cylinder.uasset" 419
"../../../Engine/Content/BasicShapes/Plane.uasset" 420
"../../../Engine/Content/BasicShapes/Sphere.uasset" 421
"../../../Engine/Content/EditorLandscapeResources/DataLayer.uasset" 422
"../../../Engine/Content/EditorMaterials/GizmoMaterial.uasset" 423
"../../../Engine/Content/EditorMaterials/MAT_Groups_Toggle.uasset" 424
"../../../Engine/Content/EditorMaterials/MAT_Groups_Visibility.uasset" 425
"../../../Engine/Content/EditorMaterials/PreviewShadowIndicator.uasset" 426
"../../../Engine/Content/EditorMaterials/PreviewShadowIndicatorMaterial.uasset" 427
"../../../Engine/Content/EditorMaterials/MatineeGroups/MAT_ColorTrack.uasset" 428
"../../../Engine/Content/EditorMaterials/MatineeGroups/MAT_Groups_Anim.uasset" 429
"../../../Engine/Content/EditorMaterials/MatineeGroups/MAT_Groups_AudioMaster.uasset" 430
"../../../Engine/Content/EditorMaterials/MatineeGroups/MAT_Groups_Director.uasset" 431
"../../../Engine/Content/EditorMaterials/MatineeGroups/MAT_Groups_Event.uasset" 432
"../../../Engine/Content/EditorMaterials/MatineeGroups/MAT_Groups_Fade.uasset" 433
"../../../Engine/Content/EditorMaterials/MatineeGroups/MAT_Groups_Float.uasset" 434
"../../../Engine/Content/EditorMaterials/MatineeGroups/MAT_Groups_Move.uasset" 435
"../../../Engine/Content/EditorMaterials/MatineeGroups/MAT_Groups_Slomo.uasset" 436
"../../../Engine/Content/EditorMaterials/MatineeGroups/MAT_Groups_Sound.uasset" 437
"../../../Engine/Content/EditorMaterials/MatineeGroups/MAT_Groups_Vector.uasset" 438
"../../../Engine/Content/EditorMaterials/ParticleSystems/PSysThumbnail_NoImage.uasset" 439
"../../../Engine/Content/EditorMaterials/ParticleSystems/PSysThumbnail_OOD.uasset" 440
"../../../Engine/Content/EditorMaterials/Camera/CineMat.uasset" 441
"../../../Engine/Content/EditorMaterials/Camera/MI_CineMat_Rig.uasset" 442
"../../../Engine/Content/EditorMeshes/Camera/SM_CraneRig_Arm.uasset" 443
"../../../Engine/Content/EditorMeshes/Camera/SM_CraneRig_Base.uasset" 444
"../../../Engine/Content/EditorMeshes/Camera/SM_CraneRig_Body.uasset" 445
"../../../Engine/Content/EditorMeshes/Camera/SM_CraneRig_Mount.uasset" 446
"../../../Engine/Content/EditorMeshes/Camera/SM_RailRig_Mount.uasset" 447
"../../../Engine/Content/EditorMeshes/Camera/SM_RailRig_Track.uasset" 448
"../../../Engine/Content/EditorResources/BSPVertex.uasset" 449
"../../../Engine/Content/EditorResources/EmptyActor.uasset" 450
"../../../Engine/Content/EditorResources/S_Actor.uasset" 451
"../../../Engine/Content/EditorResources/S_Trigger.uasset" 452
"../../../Engine/Content/EditorResources/SequenceRecorder/Countdown.uasset" 453
"../../../Engine/Content/EditorResources/SequenceRecorder/RecordingIndicator.uasset" 454
"../../../Engine/Content/EditorSounds/Notifications/CompileFailed.uasset" 455
"../../../Engine/Content/EditorSounds/Notifications/CompileFailed_Cue.uasset" 456
"../../../Engine/Content/EditorSounds/Notifications/CompileSuccess.uasset" 457
"../../../Engine/Content/EditorSounds/Notifications/CompileStart_Cue.uasset" 458
"../../../Engine/Content/EditorSounds/Notifications/CompileSuccess_Cue.uasset" 459
"../../../Engine/Content/EngineDamageTypes/DmgTypeBP_Environmental.uasset" 460
"../../../Engine/Content/EngineDebugMaterials/HeatmapGradient.uasset" 461
"../../../Engine/Content/EngineDebugMaterials/BoneWeightMaterial.uasset" 462
"../../../Engine/Content/EngineDebugMaterials/ClothMaterial.uasset" 463
"../../../Engine/Content/EngineDebugMaterials/ClothMaterial_WF.uasset" 464
"../../../Engine/Content/EngineDebugMaterials/DebugEditorMaterial.uasset" 465
"../../../Engine/Content/EngineDebugMaterials/DebugMeshMaterial.uasset" 466
"../../../Engine/Content/EngineDebugMaterials/GeomMaterial.uasset" 467
"../../../Engine/Content/EngineDebugMaterials/M_SimpleTranslucent.uasset" 468
"../../../Engine/Content/EngineFonts/Faces/RobotoBold.uasset" 469
"../../../Engine/Content/EngineFonts/Faces/RobotoBoldItalic.uasset" 470
"../../../Engine/Content/EngineFonts/Faces/RobotoItalic.uasset" 471
"../../../Engine/Content/EngineFonts/Faces/RobotoLight.uasset" 472
"../../../Engine/Content/EngineFonts/Faces/RobotoRegular.uasset" 473
"../../../Engine/Content/EngineFonts/Roboto.uasset" 474
"../../../Engine/Content/EngineFonts/Faces/RobotoTiny.uasset" 475
"../../../Engine/Content/EngineFonts/RobotoTiny.uasset" 476
"../../../Engine/Content/EngineMaterials/BaseFlattenDiffuseMap.uasset" 477
"../../../Engine/Content/EngineMaterials/BaseFlattenEmissiveMap.uasset" 478
"../../../Engine/Content/EngineMaterials/BaseFlattenGrayscaleMap.uasset" 479
"../../../Engine/Content/EngineMaterials/BaseFlattenNormalMap.uasset" 480
"../../../Engine/Content/EngineMaterials/BaseFlattenMaterial.uasset" 481
"../../../Engine/Content/EngineMaterials/DefaultBloomKernel.uasset" 482
"../../../Engine/Content/EngineMaterials/DefaultBokeh.uasset" 483
"../../../Engine/Content/EngineMaterials/DefaultDiffuse.uasset" 484
"../../../Engine/Content/EngineMaterials/DefaultDeferredDecalMaterial.uasset" 485
"../../../Engine/Content/EngineMaterials/DefaultLightFunctionMaterial.uasset" 486
"../../../Engine/Content/EngineMaterials/DefaultPhysicalMaterial.uasset" 487
"../../../Engine/Content/Functions/Engine_MaterialFunctions02/Utility/BreakOutFloat2Components.uasset" 488
"../../../Engine/Content/EngineMaterials/DefaultPostProcessMaterial.uasset" 489
"../../../Engine/Content/EngineFonts/RobotoDistanceField.uasset" 490
"../../../Engine/Content/EngineMaterials/DefaultTextMaterialOpaque.uasset" 491
"../../../Engine/Content/EngineMaterials/DefaultWhiteGrid.uasset" 492
"../../../Engine/Content/EngineMaterials/EditorBrushMaterial.uasset" 493
"../../../Engine/Content/EngineMaterials/Good64x64TilingNoiseHighFreq.uasset" 494
"../../../Engine/Content/EngineMaterials/MiniFont.uasset" 495
"../../../Engine/Content/EngineMaterials/InvalidLightmapSettings.uasset" 496
"../../../Engine/Content/EngineMaterials/M_InvalidLightmapSettings.uasset" 497
"../../../Engine/Content/Functions/Engine_MaterialFunctions02/WorldPositionOffset/CameraOffset.uasset" 498
"../../../Engine/Content/EngineMaterials/PhAT_JointLimitMaterial.uasset" 499
"../../../Engine/Content/EngineMaterials/PreintegratedSkinBRDF.uasset" 500
"../../../Engine/Content/EngineMaterials/RemoveSurfaceMaterial.uasset" 501
"../../../Engine/Content/EngineMaterials/WeightMapPlaceholderTexture.uasset" 502
"../../../Engine/Content/EngineResources/WhiteSquareTexture.uasset" 503
"../../../Engine/Content/EngineMaterials/Widget3DPassThrough.uasset" 504
"../../../Engine/Content/EngineMaterials/Widget3DPassThrough_Masked.uasset" 505
"../../../Engine/Content/EngineMaterials/Widget3DPassThrough_Opaque.uasset" 506
"../../../Engine/Content/EngineMaterials/Widget3DPassThrough_Masked_OneSided.uasset" 507
"../../../Engine/Content/EngineMaterials/Widget3DPassThrough_Opaque_OneSided.uasset" 508
"../../../Engine/Content/EngineMaterials/Widget3DPassThrough_Translucent.uasset" 509
"../../../Engine/Content/EngineMaterials/Widget3DPassThrough_Translucent_OneSided.uasset" 510
"../../../Engine/Content/EngineMeshes/Cylinder.uasset" 511
"../../../Engine/Content/EngineMeshes/Sphere.uasset" 512
"../../../Engine/Content/EngineResources/Black.uasset" 513
"../../../Engine/Content/EngineResources/DefaultTexture.uasset" 514
"../../../Engine/Content/EngineResources/DefaultTextureCube.uasset" 515
"../../../Engine/Content/EngineResources/DefaultVolumeTexture2D.uasset" 516
"../../../Engine/Content/EngineResources/DefaultVolumeTexture.uasset" 517
"../../../Engine/Content/EngineResources/GradientTexture0.uasset" 518
"../../../Engine/Content/EngineSounds/Master.uasset" 519
"../../../Engine/Content/Functions/Engine_MaterialFunctions01/Shading/ConvertFromDiffSpec.uasset" 520
"../../../Engine/Content/Functions/Engine_MaterialFunctions01/Shading/PowerToRoughness.uasset" 521
"../../../Engine/Content/Maps/Templates/Thumbnails/Default.uasset" 522
"../../../Engine/Content/Maps/Templates/Thumbnails/VR-Basic.uasset" 523
"../../../Engine/Content/MobileResources/T_MobileControls_texture.uasset" 524
"../../../Engine/Content/MobileResources/T_MobileMenu2.uasset" 525
"../../../Engine/Content/MobileResources/HUD/AnalogHat.uasset" 526
"../../../Engine/Content/MobileResources/HUD/VirtualJoystick_Background.uasset" 527
"../../../Engine/Content/MobileResources/HUD/VirtualJoystick_Thumb.uasset" 528
"../../../Engine/Content/MobileResources/HUD/DefaultVirtualJoysticks.uasset" 529
"../../../Engine/Content/MobileResources/HUD/LeftVirtualJoystickOnly.uasset" 530
"../../../Engine/Content/MobileResources/HUD/MobileHUDButton1_off.uasset" 531
"../../../Engine/Content/MobileResources/HUD/MobileHUDButton1_on.uasset" 532
"../../../Engine/Content/MobileResources/HUD/MobileHUDButton2_off.uasset" 533
"../../../Engine/Content/MobileResources/HUD/MobileHUDButton2_on.uasset" 534
"../../../Engine/Content/MobileResources/HUD/MobileHUDButton3.uasset" 535
"../../../Engine/Content/MobileResources/HUD/MobileHUDButtonFire.uasset" 536
"../../../Engine/Content/MobileResources/HUD/MobileHUDDirectionPad.uasset" 537
"../../../Engine/Content/MobileResources/HUD/MobileHUDDirectionPad2.uasset" 538
"../../../Engine/Content/MobileResources/HUD/MobileHUDDirectionPad3.uasset" 539
"../../../Engine/Content/MobileResources/HUD/MobileHUDDirectionStick.uasset" 540
"../../../Engine/Content/MobileResources/HUD/T_Castle_ThumbstickInner.uasset" 541
"../../../Engine/Content/MobileResources/HUD/T_Castle_ThumbstickOutter.uasset" 542
"../../../Engine/Content/Tutorial/ContentIntroCurve.uasset" 543
"../../../Engine/Content/Tutorial/Basics/TutorialAssets/icon_tab_Levels_40x.uasset" 544
"../../../Engine/Content/Tutorial/BlueprintTutorials/TutorialAssets/Blueprint_64x.uasset" 545
"../../../Engine/Content/Tutorial/Foliage/TutorialAssets/Foliage.uasset" 546
"../../../Engine/Content/Tutorial/Mobile/TutorialAssets/android_Icon.uasset" 547
"../../../Engine/Content/VREditor/LaserPointer/VR_LaserPower_01.uasset" 548
"../../../Engine/Content/VREditor/TransformGizmo/TransformGizmoMaterial.uasset" 549
"../../../Engine/Content/VREditor/TransformGizmo/TranslucentTransformGizmoMaterial.uasset" 550
"../../../Engine/Content/VREditor/TransformGizmo/BoundingBoxCorner.uasset" 551
"../../../Engine/Content/VREditor/TransformGizmo/BoundingBoxEdge.uasset" 552
"../../../Engine/Content/VREditor/TransformGizmo/PlaneTranslationHandle.uasset" 553
"../../../Engine/Content/VREditor/TransformGizmo/Main.uasset" 554
"../../../Engine/Content/VREditor/TransformGizmo/Xray.uasset" 555
"../../../Engine/Content/VREditor/TransformGizmo/SM_Sequencer_Key.uasset" 556
"../../../Engine/Content/VREditor/TransformGizmo/SM_Sequencer_Node.uasset" 557
"../../Plugins/2D/Paper2D/Content/PlaceholderTextures/DummySpriteTexture.uasset" 558
"../../Plugins/2D/Paper2D/Content/DummySprite.uasset" 559
"../../Plugins/2D/Paper2D/Content/DefaultPaperTerrainMaterial.uasset" 560
"../../Plugins/2D/Paper2D/Content/DefaultSpriteMaterial.uasset" 561
"../../Plugins/2D/Paper2D/Content/MaskedUnlitSpriteMaterial.uasset" 562
"../../Plugins/2D/Paper2D/Content/OpaqueUnlitSpriteMaterial.uasset" 563
"../../Plugins/Runtime/Oculus/OculusVR/Content/Materials/PokeAHoleMaterial.uasset" 564
"../../Plugins/Runtime/Oculus/OculusVR/Content/Textures/GearVRController_AO.uasset" 565
"../../Plugins/Runtime/Oculus/OculusVR/Content/Textures/GearVRController_Color.uasset" 566
"../../Plugins/Runtime/Oculus/OculusVR/Content/Textures/GearVRController_Normal.uasset" 567
"../../Plugins/Runtime/Oculus/OculusVR/Content/Materials/GearVRControllerMaterial.uasset" 568
"../../Plugins/Runtime/Oculus/OculusVR/Content/Meshes/GearVrController.uasset" 569
"../../Plugins/Runtime/Oculus/OculusVR/Content/Textures/touchController_albedo.uasset" 570
"../../Plugins/Runtime/Oculus/OculusVR/Content/Textures/touchController_controlmap.uasset" 571
"../../Plugins/Runtime/Oculus/OculusVR/Content/Materials/touchController_mat.uasset" 572
"../../Plugins/Runtime/Oculus/OculusVR/Content/Meshes/LeftTouchController.uasset" 573
"../../Plugins/Runtime/Oculus/OculusVR/Content/Meshes/RiftHMD.uasset" 574
"../../Plugins/Runtime/Oculus/OculusVR/Content/Meshes/RightTouchController.uasset" 575
"../../../../../Unreal Projects/CowboyTwinStick/Content/BP/BP_AICrowdController.uasset" 576
"../../../../../Unreal Projects/CowboyTwinStick/Content/UI/pixelFont.uasset" 577
"../../../../../Unreal Projects/CowboyTwinStick/Content/UI/pixelFont_Font.uasset" 578
"../../../../../Unreal Projects/CowboyTwinStick/Content/UI/material/TEX_Fire.uasset" 579
"../../../../../Unreal Projects/CowboyTwinStick/Content/UI/material/MAT_Fire_2.uasset" 580
"../../../../../Unreal Projects/CowboyTwinStick/Content/UI/material/MAT_Fire_Inst.uasset" 581
"../../../../../Unreal Projects/CowboyTwinStick/Content/UI/UI_CustomButton.uasset" 582
"../../../../../Unreal Projects/CowboyTwinStick/Content/BP/WidgetFunctionLibrary.uasset" 583
"../../../../../Unreal Projects/CowboyTwinStick/Content/UI/UI_EndScreen.uasset" 584
"../../../../../Unreal Projects/CowboyTwinStick/Content/UI/UI_LoseScreen.uasset" 585
"../../../../../Unreal Projects/CowboyTwinStick/Content/UI/Widget_TestMainMenu.uasset" 586
"../../../../../Unreal Projects/CowboyTwinStick/Content/BP/Enum_GameStates.uasset" 587
"../../../../../Unreal Projects/CowboyTwinStick/Content/BP/Enum_TextArrayNames.uasset" 588
"../../../../../Unreal Projects/CowboyTwinStick/Content/UI/DialogWidget.uasset" 589
"../../../../../Unreal Projects/CowboyTwinStick/Content/BP/BP_BasePlayerController.uasset" 590
"../../../../../Unreal Projects/CowboyTwinStick/Content/BP/BP_ProjectileCowboy.uasset" 591
"../../../../../Unreal Projects/CowboyTwinStick/Content/BP/Enum_Direction.uasset" 592
"../../../../../Unreal Projects/CowboyTwinStick/Content/Sprites/CowboyDeath/BossDemonDeathLeftNew/CowboyBossDemonDeathLeftNew.uasset" 593
"../../../../../Unreal Projects/CowboyTwinStick/Content/Sprites/CowboyDeath/BossDemonDeathLeftNew/CowboyBossDemonDeathLeftNew_Sprite_0.uasset" 594
"../../../../../Unreal Projects/CowboyTwinStick/Content/Sprites/CowboyDeath/BossDemonDeathLeftNew/CowboyBossDemonDeathLeftNew_Sprite_1.uasset" 595
"../../../../../Unreal Projects/CowboyTwinStick/Content/Sprites/CowboyDeath/BossDemonDeathLeftNew/CowboyBossDemonDeathLeftNew_Sprite_2.uasset" 596
"../../../../../Unreal Projects/CowboyTwinStick/Content/Sprites/CowboyDeath/BossDemonDeathLeftNew/CowboyBossDemonDeathLeftNew_Sprite_3.uasset" 597
"../../../../../Unreal Projects/CowboyTwinStick/Content/Sprites/CowboyDeath/BossDemonDeathLeftNew/CowboyBossDemonDeathLeftNew_Sprite_4.uasset" 598
"../../../../../Unreal Projects/CowboyTwinStick/Content/Sprites/CowboyDeath/BossDemonDeathLeftNew/CowboyBossDemonDeathLeftNew_Sprite_5.uasset" 599
"../../../../../Unreal Projects/CowboyTwinStick/Content/Sprites/CowboyDeath/BossDemonDeathLeftNew/FB_CowboyBossDemonDeathLeftNew.uasset" 600
"../../../../../Unreal Projects/CowboyTwinStick/Content/Sprites/CowboyDeath/BossDemonDeathRightNew/CowboyDemonDeathRight.uasset" 601
"../../../../../Unreal Projects/CowboyTwinStick/Content/Sprites/CowboyDeath/BossDemonDeathRightNew/CowboyDemonDeathRight_Sprite_0.uasset" 602
"../../../../../Unreal Projects/CowboyTwinStick/Content/Sprites/CowboyDeath/BossDemonDeathRightNew/CowboyDemonDeathRight_Sprite_1.uasset" 603
"../../../../../Unreal Projects/CowboyTwinStick/Content/Sprites/CowboyDeath/BossDemonDeathRightNew/CowboyDemonDeathRight_Sprite_2.uasset" 604
"../../../../../Unreal Projects/CowboyTwinStick/Content/Sprites/CowboyDeath/BossDemonDeathRightNew/CowboyDemonDeathRight_Sprite_3.uasset" 605
"../../../../../Unreal Projects/CowboyTwinStick/Content/Sprites/CowboyDeath/BossDemonDeathRightNew/CowboyDemonDeathRight_Sprite_4.uasset" 606
"../../../../../Unreal Projects/CowboyTwinStick/Content/Sprites/CowboyDeath/BossDemonDeathRightNew/CowboyDemonDeathRight_Sprite_5.uasset" 607
"../../../../../Unreal Projects/CowboyTwinStick/Content/Sprites/CowboyDeath/BossDemonDeathRightNew/FB_CowboyDemonDeathRightNew.uasset" 608
"../../../../../Unreal Projects/CowboyTwinStick/Content/Sprites/CowboyDeath/FireballDeathLeft/FireballDeathLeft.uasset" 609
"../../../../../Unreal Projects/CowboyTwinStick/Content/Sprites/CowboyDeath/FireballDeathLeft/FireballDeathLeft_Sprite_0.uasset" 610
"../../../../../Unreal Projects/CowboyTwinStick/Content/Sprites/CowboyDeath/FireballDeathLeft/FireballDeathLeft_Sprite_1.uasset" 611
"../../../../../Unreal Projects/CowboyTwinStick/Content/Sprites/CowboyDeath/FireballDeathLeft/FireballDeathLeft_Sprite_10.uasset" 612
"../../../../../Unreal Projects/CowboyTwinStick/Content/Sprites/CowboyDeath/FireballDeathLeft/FireballDeathLeft_Sprite_11.uasset" 613
"../../../../../Unreal Projects/CowboyTwinStick/Content/Sprites/CowboyDeath/FireballDeathLeft/FireballDeathLeft_Sprite_12.uasset" 614
"../../../../../Unreal Projects/CowboyTwinStick/Content/Sprites/CowboyDeath/FireballDeathLeft/FireballDeathLeft_Sprite_2.uasset" 615
"../../../../../Unreal Projects/CowboyTwinStick/Content/Sprites/CowboyDeath/FireballDeathLeft/FireballDeathLeft_Sprite_3.uasset" 616
"../../../../../Unreal Projects/CowboyTwinStick/Content/Sprites/CowboyDeath/FireballDeathLeft/FireballDeathLeft_Sprite_4.uasset" 617
"../../../../../Unreal Projects/CowboyTwinStick/Content/Sprites/CowboyDeath/FireballDeathLeft/FireballDeathLeft_Sprite_5.uasset" 618
"../../../../../Unreal Projects/CowboyTwinStick/Content/Sprites/CowboyDeath/FireballDeathLeft/FireballDeathLeft_Sprite_6.uasset" 619
"../../../../../Unreal Projects/CowboyTwinStick/Content/Sprites/CowboyDeath/FireballDeathLeft/FireballDeathLeft_Sprite_7.uasset" 620
"../../../../../Unreal Projects/CowboyTwinStick/Content/Sprites/CowboyDeath/FireballDeathLeft/FireballDeathLeft_Sprite_8.uasset" 621
"../../../../../Unreal Projects/CowboyTwinStick/Content/Sprites/CowboyDeath/FireballDeathLeft/FireballDeathLeft_Sprite_9.uasset" 622
"../../../../../Unreal Projects/CowboyTwinStick/Content/Sprites/CowboyDeath/FireballDeathLeft/FB_FireballDeathLeft.uasset" 623
"../../../../../Unreal Projects/CowboyTwinStick/Content/Sprites/CowboyDeath/FireballDeathRight/FireballDeathRight.uasset" 624
"../../../../../Unreal Projects/CowboyTwinStick/Content/Sprites/CowboyDeath/FireballDeathRight/FireballDeathRight_Sprite_0.uasset" 625
"../../../../../Unreal Projects/CowboyTwinStick/Content/Sprites/CowboyDeath/FireballDeathRight/FireballDeathRight_Sprite_1.uasset" 626
"../../../../../Unreal Projects/CowboyTwinStick/Content/Sprites/CowboyDeath/FireballDeathRight/FireballDeathRight_Sprite_10.uasset" 627
"../../../../../Unreal Projects/CowboyTwinStick/Content/Sprites/CowboyDeath/FireballDeathRight/FireballDeathRight_Sprite_11.uasset" 628
"../../../../../Unreal Projects/CowboyTwinStick/Content/Sprites/CowboyDeath/FireballDeathRight/FireballDeathRight_Sprite_12.uasset" 629
"../../../../../Unreal Projects/CowboyTwinStick/Content/Sprites/CowboyDeath/FireballDeathRight/FireballDeathRight_Sprite_2.uasset" 630
"../../../../../Unreal Projects/CowboyTwinStick/Content/Sprites/CowboyDeath/FireballDeathRight/FireballDeathRight_Sprite_3.uasset" 631
"../../../../../Unreal Projects/CowboyTwinStick/Content/Sprites/CowboyDeath/FireballDeathRight/FireballDeathRight_Sprite_4.uasset" 632
"../../../../../Unreal Projects/CowboyTwinStick/Content/Sprites/CowboyDeath/FireballDeathRight/FireballDeathRight_Sprite_5.uasset" 633
"../../../../../Unreal Projects/CowboyTwinStick/Content/Sprites/CowboyDeath/FireballDeathRight/FireballDeathRight_Sprite_6.uasset" 634
"../../../../../Unreal Projects/CowboyTwinStick/Content/Sprites/CowboyDeath/FireballDeathRight/FireballDeathRight_Sprite_7.uasset" 635
"../../../../../Unreal Projects/CowboyTwinStick/Content/Sprites/CowboyDeath/FireballDeathRight/FireballDeathRight_Sprite_8.uasset" 636
"../../../../../Unreal Projects/CowboyTwinStick/Content/Sprites/CowboyDeath/FireballDeathRight/FireballDeathRight_Sprite_9.uasset" 637
"../../../../../Unreal Projects/CowboyTwinStick/Content/Sprites/CowboyDeath/FireballDeathRight/FB_FireballDeathRight.uasset" 638
"../../../../../Unreal Projects/CowboyTwinStick/Content/Sprites/CowboyDeath/SwordDeathLeft/SwordDeathLeft.uasset" 639
"../../../../../Unreal Projects/CowboyTwinStick/Content/Sprites/CowboyDeath/SwordDeathLeft/SwordDeathLeft_Sprite_0.uasset" 640
"../../../../../Unreal Projects/CowboyTwinStick/Content/Sprites/CowboyDeath/SwordDeathLeft/SwordDeathLeft_Sprite_1.uasset" 641
"../../../../../Unreal Projects/CowboyTwinStick/Content/Sprites/CowboyDeath/SwordDeathLeft/SwordDeathLeft_Sprite_2.uasset" 642
"../../../../../Unreal Projects/CowboyTwinStick/Content/Sprites/CowboyDeath/SwordDeathLeft/SwordDeathLeft_Sprite_3.uasset" 643
"../../../../../Unreal Projects/CowboyTwinStick/Content/Sprites/CowboyDeath/SwordDeathLeft/SwordDeathLeft_Sprite_4.uasset" 644
"../../../../../Unreal Projects/CowboyTwinStick/Content/Sprites/CowboyDeath/SwordDeathLeft/FB_SwordDeathLeft.uasset" 645
"../../../../../Unreal Projects/CowboyTwinStick/Content/Sprites/CowboyDeath/SwordDeathRight/SwordDeathRight.uasset" 646
"../../../../../Unreal Projects/CowboyTwinStick/Content/Sprites/CowboyDeath/SwordDeathRight/SwordDeathRight_Sprite_0.uasset" 647
"../../../../../Unreal Projects/CowboyTwinStick/Content/Sprites/CowboyDeath/SwordDeathRight/SwordDeathRight_Sprite_1.uasset" 648
"../../../../../Unreal Projects/CowboyTwinStick/Content/Sprites/CowboyDeath/SwordDeathRight/SwordDeathRight_Sprite_2.uasset" 649
"../../../../../Unreal Projects/CowboyTwinStick/Content/Sprites/CowboyDeath/SwordDeathRight/SwordDeathRight_Sprite_3.uasset" 650
"../../../../../Unreal Projects/CowboyTwinStick/Content/Sprites/CowboyDeath/SwordDeathRight/SwordDeathRight_Sprite_4.uasset" 651
"../../../../../Unreal Projects/CowboyTwinStick/Content/Sprites/CowboyDeath/SwordDeathRight/FB_SwordDeathRight.uasset" 652
"../../../../../Unreal Projects/CowboyTwinStick/Content/Sprites/CowboyIdle/CowboyIdleDown/CowboyIdleDown.uasset" 653
"../../../../../Unreal Projects/CowboyTwinStick/Content/Sprites/CowboyIdle/CowboyIdleDown/CowboyIdleDown_Sprite.uasset" 654
"../../../../../Unreal Projects/CowboyTwinStick/Content/Sprites/CowboyIdle/CowboyIdleDown/FB_CowboyIdleDown_Flipbook.uasset" 655
"../../../../../Unreal Projects/CowboyTwinStick/Content/Sprites/CowboyIdle/CowboyIdleDownLeft/CowboyIdleDownLeft.uasset" 656
"../../../../../Unreal Projects/CowboyTwinStick/Content/Sprites/CowboyIdle/CowboyIdleDownLeft/CowboyIdleDownLeft_Sprite.uasset" 657
"../../../../../Unreal Projects/CowboyTwinStick/Content/Sprites/CowboyIdle/CowboyIdleDownLeft/FB_CowboyIdleDownLeft_Flipbook.uasset" 658
"../../../../../Unreal Projects/CowboyTwinStick/Content/Sprites/CowboyIdle/CowboyIdleDownRight/CowboyIdleDownRight.uasset" 659
"../../../../../Unreal Projects/CowboyTwinStick/Content/Sprites/CowboyIdle/CowboyIdleDownRight/CowboyIdleDownRight_Sprite.uasset" 660
"../../../../../Unreal Projects/CowboyTwinStick/Content/Sprites/CowboyIdle/CowboyIdleDownRight/FB_CowboyIdleDownRight_Flipbook.uasset" 661
"../../../../../Unreal Projects/CowboyTwinStick/Content/Sprites/CowboyIdle/CowboyIdleLeft/CowboyIdleLeft.uasset" 662
"../../../../../Unreal Projects/CowboyTwinStick/Content/Sprites/CowboyIdle/CowboyIdleLeft/CowboyIdleLeft_Sprite.uasset" 663
"../../../../../Unreal Projects/CowboyTwinStick/Content/Sprites/CowboyIdle/CowboyIdleLeft/FB_CowboyIdleLeft_Flipbook.uasset" 664
"../../../../../Unreal Projects/CowboyTwinStick/Content/Sprites/CowboyIdle/CowboyIdleRight/CowboyIdleRight.uasset" 665
"../../../../../Unreal Projects/CowboyTwinStick/Content/Sprites/CowboyIdle/CowboyIdleRight/CowboyIdleRight_Sprite.uasset" 666
"../../../../../Unreal Projects/CowboyTwinStick/Content/Sprites/CowboyIdle/CowboyIdleRight/FB_CowboyIdleRight_Flipbook.uasset" 667
"../../../../../Unreal Projects/CowboyTwinStick/Content/Sprites/CowboyIdle/CowboyIdleUp/CowboyIdleUp.uasset" 668
"../../../../../Unreal Projects/CowboyTwinStick/Content/Sprites/CowboyIdle/CowboyIdleUp/CowboyIdleUp_Sprite.uasset" 669
"../../../../../Unreal Projects/CowboyTwinStick/Content/Sprites/CowboyIdle/CowboyIdleUp/FB_CowboyIdleUp_Flipbook.uasset" 670
"../../../../../Unreal Projects/CowboyTwinStick/Content/Sprites/CowboyIdle/CowboyIdleUpLeft/CowboyIdleUpLeft.uasset" 671
"../../../../../Unreal Projects/CowboyTwinStick/Content/Sprites/CowboyIdle/CowboyIdleUpLeft/CowboyIdleUpLeft_Sprite.uasset" 672
"../../../../../Unreal Projects/CowboyTwinStick/Content/Sprites/CowboyIdle/CowboyIdleUpLeft/FB_CowboyIdleUpLeft_Flipbook.uasset" 673
"../../../../../Unreal Projects/CowboyTwinStick/Content/Sprites/CowboyIdle/CowboyIdleUpRight/CowboyIdleUpRight.uasset" 674
"../../../../../Unreal Projects/CowboyTwinStick/Content/Sprites/CowboyIdle/CowboyIdleUpRight/CowboyIdleUpRight_Sprite.uasset" 675
"../../../../../Unreal Projects/CowboyTwinStick/Content/Sprites/CowboyIdle/CowboyIdleUpRight/FB_CowboyIdleUpRight_Flipbook.uasset" 676
"../../../../../Unreal Projects/CowboyTwinStick/Content/Sprites/CowboyRun/CowboyRunDown/CowboyRunDown.uasset" 677
"../../../../../Unreal Projects/CowboyTwinStick/Content/Sprites/CowboyRun/CowboyRunDown/CowboyRunDown_Sprite_0.uasset" 678
"../../../../../Unreal Projects/CowboyTwinStick/Content/Sprites/CowboyRun/CowboyRunDown/CowboyRunDown_Sprite_1.uasset" 679
"../../../../../Unreal Projects/CowboyTwinStick/Content/Sprites/CowboyRun/CowboyRunDown/CowboyRunDown_Sprite_2.uasset" 680
"../../../../../Unreal Projects/CowboyTwinStick/Content/Sprites/CowboyRun/CowboyRunDown/CowboyRunDown_Sprite_3.uasset" 681
"../../../../../Unreal Projects/CowboyTwinStick/Content/Sprites/CowboyRun/CowboyRunDown/CowboyRunDown_Sprite_4.uasset" 682
"../../../../../Unreal Projects/CowboyTwinStick/Content/Sprites/CowboyRun/CowboyRunDown/CowboyRunDown_Sprite_5.uasset" 683
"../../../../../Unreal Projects/CowboyTwinStick/Content/Sprites/CowboyRun/CowboyRunDown/CowboyRunDown_Sprite_6.uasset" 684
"../../../../../Unreal Projects/CowboyTwinStick/Content/Sprites/CowboyRun/CowboyRunDown/CowboyRunDown_Sprite_7.uasset" 685
"../../../../../Unreal Projects/CowboyTwinStick/Content/Sprites/CowboyRun/CowboyRunDown/FB_CowboyRunDown.uasset" 686
"../../../../../Unreal Projects/CowboyTwinStick/Content/Sprites/CowboyRun/CowboyRunDownLeft/CowboyRunDownLeft.uasset" 687
"../../../../../Unreal Projects/CowboyTwinStick/Content/Sprites/CowboyRun/CowboyRunDownLeft/CowboyRunDownLeft_Sprite_0.uasset" 688
"../../../../../Unreal Projects/CowboyTwinStick/Content/Sprites/CowboyRun/CowboyRunDownLeft/CowboyRunDownLeft_Sprite_1.uasset" 689
"../../../../../Unreal Projects/CowboyTwinStick/Content/Sprites/CowboyRun/CowboyRunDownLeft/CowboyRunDownLeft_Sprite_2.uasset" 690
"../../../../../Unreal Projects/CowboyTwinStick/Content/Sprites/CowboyRun/CowboyRunDownLeft/CowboyRunDownLeft_Sprite_3.uasset" 691
"../../../../../Unreal Projects/CowboyTwinStick/Content/Sprites/CowboyRun/CowboyRunDownLeft/CowboyRunDownLeft_Sprite_4.uasset" 692
"../../../../../Unreal Projects/CowboyTwinStick/Content/Sprites/CowboyRun/CowboyRunDownLeft/CowboyRunDownLeft_Sprite_5.uasset" 693
"../../../../../Unreal Projects/CowboyTwinStick/Content/Sprites/CowboyRun/CowboyRunDownLeft/CowboyRunDownLeft_Sprite_6.uasset" 694
"../../../../../Unreal Projects/CowboyTwinStick/Content/Sprites/CowboyRun/CowboyRunDownLeft/CowboyRunDownLeft_Sprite_7.uasset" 695
"../../../../../Unreal Projects/CowboyTwinStick/Content/Sprites/CowboyRun/CowboyRunDownLeft/FB_CowboyRunDownLeft.uasset" 696
"../../../../../Unreal Projects/CowboyTwinStick/Content/Sprites/CowboyRun/CowboyRunDownRight/CowboyRunDownRight.uasset" 697
"../../../../../Unreal Projects/CowboyTwinStick/Content/Sprites/CowboyRun/CowboyRunDownRight/CowboyRunDownRight_Sprite_0.uasset" 698
"../../../../../Unreal Projects/CowboyTwinStick/Content/Sprites/CowboyRun/CowboyRunDownRight/CowboyRunDownRight_Sprite_1.uasset" 699
"../../../../../Unreal Projects/CowboyTwinStick/Content/Sprites/CowboyRun/CowboyRunDownRight/CowboyRunDownRight_Sprite_2.uasset" 700
"../../../../../Unreal Projects/CowboyTwinStick/Content/Sprites/CowboyRun/CowboyRunDownRight/CowboyRunDownRight_Sprite_3.uasset" 701
"../../../../../Unreal Projects/CowboyTwinStick/Content/Sprites/CowboyRun/CowboyRunDownRight/CowboyRunDownRight_Sprite_4.uasset" 702
"../../../../../Unreal Projects/CowboyTwinStick/Content/Sprites/CowboyRun/CowboyRunDownRight/CowboyRunDownRight_Sprite_5.uasset" 703
"../../../../../Unreal Projects/CowboyTwinStick/Content/Sprites/CowboyRun/CowboyRunDownRight/CowboyRunDownRight_Sprite_6.uasset" 704
"../../../../../Unreal Projects/CowboyTwinStick/Content/Sprites/CowboyRun/CowboyRunDownRight/CowboyRunDownRight_Sprite_7.uasset" 705
"../../../../../Unreal Projects/CowboyTwinStick/Content/Sprites/CowboyRun/CowboyRunDownRight/FB_CowboyRunDownRight.uasset" 706
"../../../../../Unreal Projects/CowboyTwinStick/Content/Sprites/CowboyRun/CowboyRunLeft/CowboyRunLeft.uasset" 707
"../../../../../Unreal Projects/CowboyTwinStick/Content/Sprites/CowboyRun/CowboyRunLeft/CowboyRunLeft_Sprite_0.uasset" 708
"../../../../../Unreal Projects/CowboyTwinStick/Content/Sprites/CowboyRun/CowboyRunLeft/CowboyRunLeft_Sprite_1.uasset" 709
"../../../../../Unreal Projects/CowboyTwinStick/Content/Sprites/CowboyRun/CowboyRunLeft/CowboyRunLeft_Sprite_2.uasset" 710
"../../../../../Unreal Projects/CowboyTwinStick/Content/Sprites/CowboyRun/CowboyRunLeft/CowboyRunLeft_Sprite_3.uasset" 711
"../../../../../Unreal Projects/CowboyTwinStick/Content/Sprites/CowboyRun/CowboyRunLeft/CowboyRunLeft_Sprite_4.uasset" 712
"../../../../../Unreal Projects/CowboyTwinStick/Content/Sprites/CowboyRun/CowboyRunLeft/CowboyRunLeft_Sprite_5.uasset" 713
"../../../../../Unreal Projects/CowboyTwinStick/Content/Sprites/CowboyRun/CowboyRunLeft/CowboyRunLeft_Sprite_6.uasset" 714
"../../../../../Unreal Projects/CowboyTwinStick/Content/Sprites/CowboyRun/CowboyRunLeft/CowboyRunLeft_Sprite_7.uasset" 715
"../../../../../Unreal Projects/CowboyTwinStick/Content/Sprites/CowboyRun/CowboyRunLeft/FB_CowboyRunLeft.uasset" 716
"../../../../../Unreal Projects/CowboyTwinStick/Content/Sprites/CowboyRun/CowboyRunRight/CowboyRunRight.uasset" 717
"../../../../../Unreal Projects/CowboyTwinStick/Content/Sprites/CowboyRun/CowboyRunRight/CowboyRunRight_Sprite_0.uasset" 718
"../../../../../Unreal Projects/CowboyTwinStick/Content/Sprites/CowboyRun/CowboyRunRight/CowboyRunRight_Sprite_1.uasset" 719
"../../../../../Unreal Projects/CowboyTwinStick/Content/Sprites/CowboyRun/CowboyRunRight/CowboyRunRight_Sprite_2.uasset" 720
"../../../../../Unreal Projects/CowboyTwinStick/Content/Sprites/CowboyRun/CowboyRunRight/CowboyRunRight_Sprite_3.uasset" 721
"../../../../../Unreal Projects/CowboyTwinStick/Content/Sprites/CowboyRun/CowboyRunRight/CowboyRunRight_Sprite_4.uasset" 722
"../../../../../Unreal Projects/CowboyTwinStick/Content/Sprites/CowboyRun/CowboyRunRight/CowboyRunRight_Sprite_5.uasset" 723
"../../../../../Unreal Projects/CowboyTwinStick/Content/Sprites/CowboyRun/CowboyRunRight/CowboyRunRight_Sprite_6.uasset" 724
"../../../../../Unreal Projects/CowboyTwinStick/Content/Sprites/CowboyRun/CowboyRunRight/CowboyRunRight_Sprite_7.uasset" 725
"../../../../../Unreal Projects/CowboyTwinStick/Content/Sprites/CowboyRun/CowboyRunRight/FB_CowboyRunRight.uasset" 726
"../../../../../Unreal Projects/CowboyTwinStick/Content/Sprites/CowboyRun/CowboyRunUp/CowboyRunUp.uasset" 727
"../../../../../Unreal Projects/CowboyTwinStick/Content/Sprites/CowboyRun/CowboyRunUp/CowboyRunUp_Sprite_0.uasset" 728
"../../../../../Unreal Projects/CowboyTwinStick/Content/Sprites/CowboyRun/CowboyRunUp/CowboyRunUp_Sprite_1.uasset" 729
"../../../../../Unreal Projects/CowboyTwinStick/Content/Sprites/CowboyRun/CowboyRunUp/CowboyRunUp_Sprite_2.uasset" 730
"../../../../../Unreal Projects/CowboyTwinStick/Content/Sprites/CowboyRun/CowboyRunUp/CowboyRunUp_Sprite_3.uasset" 731
"../../../../../Unreal Projects/CowboyTwinStick/Content/Sprites/CowboyRun/CowboyRunUp/FB_CowboyRunUp.uasset" 732
"../../../../../Unreal Projects/CowboyTwinStick/Content/Sprites/CowboyRun/CowboyRunUpLeft/CowboyRunUpLeft.uasset" 733
"../../../../../Unreal Projects/CowboyTwinStick/Content/Sprites/CowboyRun/CowboyRunUpLeft/CowboyRunUpLeft_Sprite_0.uasset" 734
"../../../../../Unreal Projects/CowboyTwinStick/Content/Sprites/CowboyRun/CowboyRunUpLeft/CowboyRunUpLeft_Sprite_1.uasset" 735
"../../../../../Unreal Projects/CowboyTwinStick/Content/Sprites/CowboyRun/CowboyRunUpLeft/CowboyRunUpLeft_Sprite_2.uasset" 736
"../../../../../Unreal Projects/CowboyTwinStick/Content/Sprites/CowboyRun/CowboyRunUpLeft/CowboyRunUpLeft_Sprite_3.uasset" 737
"../../../../../Unreal Projects/CowboyTwinStick/Content/Sprites/CowboyRun/CowboyRunUpLeft/FB_CowboyRunUpLeft.uasset" 738
"../../../../../Unreal Projects/CowboyTwinStick/Content/Sprites/CowboyRun/CowboyRunUpRight/CowboyRunUpRight.uasset" 739
"../../../../../Unreal Projects/CowboyTwinStick/Content/Sprites/CowboyRun/CowboyRunUpRight/CowboyRunUpRight_Sprite_0.uasset" 740
"../../../../../Unreal Projects/CowboyTwinStick/Content/Sprites/CowboyRun/CowboyRunUpRight/CowboyRunUpRight_Sprite_1.uasset" 741
"../../../../../Unreal Projects/CowboyTwinStick/Content/Sprites/CowboyRun/CowboyRunUpRight/CowboyRunUpRight_Sprite_2.uasset" 742
"../../../../../Unreal Projects/CowboyTwinStick/Content/Sprites/CowboyRun/CowboyRunUpRight/CowboyRunUpRight_Sprite_3.uasset" 743
"../../../../../Unreal Projects/CowboyTwinStick/Content/Sprites/CowboyRun/CowboyRunUpRight/FB_CowboyRunUpRight.uasset" 744
"../../../../../Unreal Projects/CowboyTwinStick/Content/BP/BP_BasePlayerPawn.uasset" 745
"../../../../../Unreal Projects/CowboyTwinStick/Content/BP/BP_BaseBound.uasset" 746
"../../../../../Unreal Projects/CowboyTwinStick/Content/BP/BP_InvisibleBound.uasset" 747
"../../../../../Unreal Projects/CowboyTwinStick/Content/BP/GM_BaseTwinStick.uasset" 748
"../../../../../Unreal Projects/CowboyTwinStick/Content/Sprites/Backgrounds/Tilesets/TileSet_Floor.uasset" 749
"../../../../../Unreal Projects/CowboyTwinStick/Content/Sprites/Backgrounds/Tilesets/TileSet_Floor_TileSet.uasset" 750
"../../../../../Unreal Projects/CowboyTwinStick/Content/Sprites/Backgrounds/Tilesets/TileSet_wall.uasset" 751
"../../../../../Unreal Projects/CowboyTwinStick/Content/Sprites/Backgrounds/Tilesets/TileSet_wall_TileSet.uasset" 752
"../../../../../Unreal Projects/CowboyTwinStick/Content/Sprites/Backgrounds/Tilesets/TM_Arena_1.uasset" 753
"../../../../../Unreal Projects/CowboyTwinStick/Content/Sprites/Backgrounds/Torch/torch_Sprite_0.uasset" 754
"../../../../../Unreal Projects/CowboyTwinStick/Content/Sprites/Backgrounds/Torch/torch_Sprite_1.uasset" 755
"../../../../../Unreal Projects/CowboyTwinStick/Content/Sprites/Backgrounds/Torch/torch_Sprite_2.uasset" 756
"../../../../../Unreal Projects/CowboyTwinStick/Content/Sprites/Backgrounds/Torch/torch_Sprite_3.uasset" 757
"../../../../../Unreal Projects/CowboyTwinStick/Content/Sprites/Backgrounds/Torch/torch1.uasset" 758
"../../../../../Unreal Projects/CowboyTwinStick/Content/Levels/Arena_1.umap" 759
"../../../../../Unreal Projects/CowboyTwinStick/Content/Levels/Arena_2.umap" 760
"../../../../../Unreal Projects/CowboyTwinStick/Content/Sprites/Barrier/Barrier.uasset" 761
"../../../../../Unreal Projects/CowboyTwinStick/Content/Sprites/Barrier/Barrier_Sprite_0.uasset" 762
"../../../../../Unreal Projects/CowboyTwinStick/Content/Sprites/Barrier/Barrier_Sprite_1.uasset" 763
"../../../../../Unreal Projects/CowboyTwinStick/Content/Sprites/Barrier/Barrier_Sprite_2.uasset" 764
"../../../../../Unreal Projects/CowboyTwinStick/Content/Sprites/Barrier/Barrier_Sprite_3.uasset" 765
"../../../../../Unreal Projects/CowboyTwinStick/Content/Sprites/Barrier/Barrier_Sprite_4.uasset" 766
"../../../../../Unreal Projects/CowboyTwinStick/Content/Sprites/Barrier/FB_Barrier.uasset" 767
"../../../../../Unreal Projects/CowboyTwinStick/Content/BP/BP_BoundBarrier.uasset" 768
"../../../../../Unreal Projects/CowboyTwinStick/Content/Levels/Arena_3.umap" 769
"../../../../../Unreal Projects/CowboyTwinStick/Content/Sprites/Effects/Summon/Summon.uasset" 770
"../../../../../Unreal Projects/CowboyTwinStick/Content/Sprites/Effects/Summon/Summon_Sprite_0.uasset" 771
"../../../../../Unreal Projects/CowboyTwinStick/Content/Sprites/Effects/Summon/Summon_Sprite_1.uasset" 772
"../../../../../Unreal Projects/CowboyTwinStick/Content/Sprites/Effects/Summon/Summon_Sprite_2.uasset" 773
"../../../../../Unreal Projects/CowboyTwinStick/Content/Sprites/Effects/Summon/Summon_Sprite_3.uasset" 774
"../../../../../Unreal Projects/CowboyTwinStick/Content/Sprites/Effects/Summon/Summon_Sprite_4.uasset" 775
"../../../../../Unreal Projects/CowboyTwinStick/Content/Sprites/Effects/Summon/Summon_Sprite_5.uasset" 776
"../../../../../Unreal Projects/CowboyTwinStick/Content/Sprites/Effects/Summon/FB_Summon.uasset" 777
"../../../../../Unreal Projects/CowboyTwinStick/Content/Sprites/SummoningCircle/SummoningCircle.uasset" 778
"../../../../../Unreal Projects/CowboyTwinStick/Content/Sprites/SummoningCircle/SummoningCircle_Sprite_0.uasset" 779
"../../../../../Unreal Projects/CowboyTwinStick/Content/Sprites/SummoningCircle/SummoningCircle_Sprite_1.uasset" 780
"../../../../../Unreal Projects/CowboyTwinStick/Content/Sprites/SummoningCircle/SummoningCircle_Sprite_2.uasset" 781
"../../../../../Unreal Projects/CowboyTwinStick/Content/Sprites/SummoningCircle/SummoningCircle_Sprite_3.uasset" 782
"../../../../../Unreal Projects/CowboyTwinStick/Content/Sprites/SummoningCircle/SummoningCircle_Sprite_4.uasset" 783
"../../../../../Unreal Projects/CowboyTwinStick/Content/Sprites/SummoningCircle/SummoningCircle_Sprite_5.uasset" 784
"../../../../../Unreal Projects/CowboyTwinStick/Content/Sprites/SummoningCircle/FB_SummoningCircle.uasset" 785
"../../../../../Unreal Projects/CowboyTwinStick/Content/Levels/Arena_4.umap" 786
"../../../../../Unreal Projects/CowboyTwinStick/Content/Levels/Arena_PersistentLevel.umap" 787
"../../../../../Unreal Projects/CowboyTwinStick/Content/Sprites/cowboy_idle.uasset" 788
"../../../../../Unreal Projects/CowboyTwinStick/Content/Sprites/cowboy_idle_Sprite_0.uasset" 789
"../../../../../Unreal Projects/CowboyTwinStick/Content/Sprites/cowboy_idle_Sprite_1.uasset" 790
"../../../../../Unreal Projects/CowboyTwinStick/Content/Sprites/cowboy_idle_Sprite_2.uasset" 791
"../../../../../Unreal Projects/CowboyTwinStick/Content/Sprites/cowboy_idle_Sprite_3.uasset" 792
"../../../../../Unreal Projects/CowboyTwinStick/Content/Sprites/cowboy_idle_Sprite_4.uasset" 793
"../../../../../Unreal Projects/CowboyTwinStick/Content/Sprites/cowboy_idle_Sprite_5.uasset" 794
"../../../../../Unreal Projects/CowboyTwinStick/Content/Sprites/cowboy_idle_Sprite_6.uasset" 795
"../../../../../Unreal Projects/CowboyTwinStick/Content/Sprites/cowboy_idle_Sprite_7.uasset" 796
"../../../../../Unreal Projects/CowboyTwinStick/Content/Sprites/cowboy_idle1.uasset" 797
"../../../../../Unreal Projects/CowboyTwinStick/Content/Levels/Cutscene_1.umap" 798
"../../../../../Unreal Projects/CowboyTwinStick/Content/Levels/MainMenu.umap" 799
"../../../Engine/Content/Maps/Entry_BuiltData.uasset" 800
"../../../Engine/Content/Maps/Entry.umap" 801
